2025-11-19T08:01:50.580-03:00  INFO 14092 --- [tasklist] [Test worker] b.c.j.t.i.TasklistIntegrationTest        : Starting TasklistIntegrationTest v1.0.0-SNAPSHOT using Java 21.0.7 with PID 14092 (started by User in C:\Users\User\Documents\fullstack\jtech-tasklist-backend)
2025-11-19T08:01:50.635-03:00 DEBUG 14092 --- [tasklist] [Test worker] b.c.j.t.i.TasklistIntegrationTest        : Running with Spring Boot v3.5.5, Spring v6.2.10
2025-11-19T08:01:50.635-03:00  INFO 14092 --- [tasklist] [Test worker] b.c.j.t.i.TasklistIntegrationTest        : The following 1 profile is active: "test"
2025-11-19T08:01:53.857-03:00  INFO 14092 --- [tasklist] [Test worker] .s.d.r.c.RepositoryConfigurationDelegate : Bootstrapping Spring Data JPA repositories in DEFAULT mode.
2025-11-19T08:01:54.015-03:00  INFO 14092 --- [tasklist] [Test worker] .s.d.r.c.RepositoryConfigurationDelegate : Finished Spring Data repository scanning in 135 ms. Found 3 JPA repository interfaces.
2025-11-19T08:01:55.451-03:00  INFO 14092 --- [tasklist] [Test worker] com.zaxxer.hikari.HikariDataSource       : HikariPool-1 - Starting...
2025-11-19T08:01:56.256-03:00  INFO 14092 --- [tasklist] [Test worker] com.zaxxer.hikari.pool.HikariPool        : HikariPool-1 - Added connection conn0: url=jdbc:h2:mem:testdb user=SA
2025-11-19T08:01:56.264-03:00  INFO 14092 --- [tasklist] [Test worker] com.zaxxer.hikari.HikariDataSource       : HikariPool-1 - Start completed.
2025-11-19T08:01:56.421-03:00  INFO 14092 --- [tasklist] [Test worker] org.flywaydb.core.FlywayExecutor         : Database: jdbc:h2:mem:testdb (H2 2.3)
2025-11-19T08:01:56.513-03:00  INFO 14092 --- [tasklist] [Test worker] o.f.c.i.s.JdbcTableSchemaHistory         : Schema history table "PUBLIC"."flyway_schema_history" does not exist yet
2025-11-19T08:01:56.516-03:00  INFO 14092 --- [tasklist] [Test worker] o.f.core.internal.command.DbValidate     : Successfully validated 2 migrations (execution time 00:00.046s)
2025-11-19T08:01:56.536-03:00  INFO 14092 --- [tasklist] [Test worker] org.flywaydb.core.Flyway                 : All configured schemas are empty; baseline operation skipped. A baseline or migration script with a lower version than the baseline version may execute if available. Check the Schemas parameter if this is not intended.
2025-11-19T08:01:56.540-03:00  INFO 14092 --- [tasklist] [Test worker] o.f.c.i.s.JdbcTableSchemaHistory         : Creating Schema History table "PUBLIC"."flyway_schema_history" ...
2025-11-19T08:01:56.618-03:00  INFO 14092 --- [tasklist] [Test worker] o.f.core.internal.command.DbMigrate      : Current version of schema "PUBLIC": << Empty Schema >>
2025-11-19T08:01:56.625-03:00  INFO 14092 --- [tasklist] [Test worker] o.f.core.internal.command.DbMigrate      : Migrating schema "PUBLIC" to version "1 - create tasklists and tasks"
2025-11-19T08:01:56.661-03:00  INFO 14092 --- [tasklist] [Test worker] o.f.core.internal.command.DbMigrate      : Migrating schema "PUBLIC" to version "2 - add users and user relations"
2025-11-19T08:01:56.690-03:00  INFO 14092 --- [tasklist] [Test worker] o.f.core.internal.command.DbMigrate      : Successfully applied 2 migrations to schema "PUBLIC", now at version v2 (execution time 00:00.032s)
2025-11-19T08:01:56.905-03:00  INFO 14092 --- [tasklist] [Test worker] o.hibernate.jpa.internal.util.LogHelper  : HHH000204: Processing PersistenceUnitInfo [name: default]
2025-11-19T08:01:57.076-03:00  INFO 14092 --- [tasklist] [Test worker] org.hibernate.Version                    : HHH000412: Hibernate ORM core version 6.6.26.Final
2025-11-19T08:01:57.170-03:00  INFO 14092 --- [tasklist] [Test worker] o.h.c.internal.RegionFactoryInitiator    : HHH000026: Second-level cache disabled
2025-11-19T08:01:57.733-03:00  INFO 14092 --- [tasklist] [Test worker] o.s.o.j.p.SpringPersistenceUnitInfo      : No LoadTimeWeaver setup: ignoring JPA class transformer
2025-11-19T08:01:57.827-03:00  WARN 14092 --- [tasklist] [Test worker] org.hibernate.orm.deprecation            : HHH90000025: H2Dialect does not need to be specified explicitly using 'hibernate.dialect' (remove the property setting and it will be selected by default)
2025-11-19T08:01:57.848-03:00  INFO 14092 --- [tasklist] [Test worker] org.hibernate.orm.connections.pooling    : HHH10001005: Database info:
	Database JDBC URL [Connecting through datasource 'HikariDataSource (HikariPool-1)']
	Database driver: undefined/unknown
	Database version: 2.3.232
	Autocommit mode: undefined/unknown
	Isolation level: undefined/unknown
	Minimum pool size: undefined/unknown
	Maximum pool size: undefined/unknown
2025-11-19T08:01:59.929-03:00  INFO 14092 --- [tasklist] [Test worker] o.h.e.t.j.p.i.JtaPlatformInitiator       : HHH000489: No JTA platform available (set 'hibernate.transaction.jta.platform' to enable JTA platform integration)
2025-11-19T08:02:00.001-03:00  INFO 14092 --- [tasklist] [Test worker] j.LocalContainerEntityManagerFactoryBean : Initialized JPA EntityManagerFactory for persistence unit 'default'
2025-11-19T08:02:00.850-03:00  INFO 14092 --- [tasklist] [Test worker] o.s.d.j.r.query.QueryEnhancerFactory     : Hibernate is in classpath; If applicable, HQL parser will be used.
2025-11-19T08:02:02.759-03:00  WARN 14092 --- [tasklist] [Test worker] JpaBaseConfiguration$JpaWebConfiguration : spring.jpa.open-in-view is enabled by default. Therefore, database queries may be performed during view rendering. Explicitly configure spring.jpa.open-in-view to disable this warning
2025-11-19T08:02:03.831-03:00  INFO 14092 --- [tasklist] [Test worker] o.s.b.a.e.web.EndpointLinksResolver      : Exposing 15 endpoints beneath base path '/actuator'
2025-11-19T08:02:03.906-03:00  WARN 14092 --- [tasklist] [Test worker] .s.s.UserDetailsServiceAutoConfiguration : 

Using generated security password: 66ff774f-304a-4b94-a8a2-04508f176904

This generated password is for development use only. Your security configuration must be updated before running your application in production.

2025-11-19T08:02:03.930-03:00  INFO 14092 --- [tasklist] [Test worker] r$InitializeUserDetailsManagerConfigurer : Global AuthenticationManager configured with UserDetailsService bean with name inMemoryUserDetailsManager
2025-11-19T08:02:05.170-03:00 DEBUG 14092 --- [tasklist] [Test worker] b.c.j.t.c.i.s.JwtAuthenticationFilter    : Filter 'jwtAuthenticationFilter' configured for use
2025-11-19T08:02:05.170-03:00  INFO 14092 --- [tasklist] [Test worker] o.s.b.t.m.w.SpringBootMockServletContext : Initializing Spring TestDispatcherServlet ''
2025-11-19T08:02:05.170-03:00  INFO 14092 --- [tasklist] [Test worker] o.s.t.web.servlet.TestDispatcherServlet  : Initializing Servlet ''
2025-11-19T08:02:05.170-03:00  INFO 14092 --- [tasklist] [Test worker] o.s.t.web.servlet.TestDispatcherServlet  : Completed initialization in 0 ms
2025-11-19T08:02:05.316-03:00  INFO 14092 --- [tasklist] [Test worker] b.c.j.t.i.TasklistIntegrationTest        : Started TasklistIntegrationTest in 15.786 seconds (process running for 19.064)
2025-11-19T08:02:05.430-03:00  INFO 14092 --- [tasklist] [Test worker] b.c.j.t.c.i.utils.ReadyEventListener     : >>> Connector Ready
2025-11-19T08:02:05.430-03:00  INFO 14092 --- [tasklist] [Test worker] b.c.j.t.c.i.utils.ReadyEventListener     : ======================================================
2025-11-19T08:02:05.430-03:00  INFO 14092 --- [tasklist] [Test worker] b.c.j.t.c.i.utils.ReadyEventListener     : == Execute mode:.....................'LOCAL'
2025-11-19T08:02:05.431-03:00  INFO 14092 --- [tasklist] [Test worker] b.c.j.t.c.i.utils.ReadyEventListener     : ======================================================
2025-11-19T08:02:05.431-03:00  WARN 14092 --- [tasklist] [Test worker] o.s.core.events.SpringDocAppInitializer  : SpringDoc /doc/tasklist/v3/api-documents endpoint is enabled by default. To disable it in production, set the property 'springdoc.api-docs.enabled=false'
2025-11-19T08:02:05.432-03:00  WARN 14092 --- [tasklist] [Test worker] o.s.core.events.SpringDocAppInitializer  : SpringDoc /doc/tasklist/v1/api.html endpoint is enabled by default. To disable it in production, set the property 'springdoc.swagger-ui.enabled=false'
2025-11-19T08:02:07.008-03:00  INFO 14092 --- [tasklist] [SpringApplicationShutdownHook] j.LocalContainerEntityManagerFactoryBean : Closing JPA EntityManagerFactory for persistence unit 'default'
2025-11-19T08:02:07.019-03:00  INFO 14092 --- [tasklist] [SpringApplicationShutdownHook] com.zaxxer.hikari.HikariDataSource       : HikariPool-1 - Shutdown initiated...
2025-11-19T08:02:07.036-03:00  INFO 14092 --- [tasklist] [SpringApplicationShutdownHook] com.zaxxer.hikari.HikariDataSource       : HikariPool-1 - Shutdown completed.
2025-11-19T08:04:47.301-03:00  INFO 22296 --- [tasklist] [Test worker] b.c.j.t.i.TasklistIntegrationTest        : Starting TasklistIntegrationTest v1.0.0-SNAPSHOT using Java 21.0.7 with PID 22296 (started by User in C:\Users\User\Documents\fullstack\jtech-tasklist-backend)
2025-11-19T08:04:47.304-03:00 DEBUG 22296 --- [tasklist] [Test worker] b.c.j.t.i.TasklistIntegrationTest        : Running with Spring Boot v3.5.5, Spring v6.2.10
2025-11-19T08:04:47.305-03:00  INFO 22296 --- [tasklist] [Test worker] b.c.j.t.i.TasklistIntegrationTest        : The following 1 profile is active: "test"
2025-11-19T08:04:50.145-03:00  INFO 22296 --- [tasklist] [Test worker] .s.d.r.c.RepositoryConfigurationDelegate : Bootstrapping Spring Data JPA repositories in DEFAULT mode.
2025-11-19T08:04:50.367-03:00  INFO 22296 --- [tasklist] [Test worker] .s.d.r.c.RepositoryConfigurationDelegate : Finished Spring Data repository scanning in 195 ms. Found 3 JPA repository interfaces.
2025-11-19T08:04:51.999-03:00  INFO 22296 --- [tasklist] [Test worker] com.zaxxer.hikari.HikariDataSource       : HikariPool-1 - Starting...
2025-11-19T08:04:52.814-03:00  INFO 22296 --- [tasklist] [Test worker] com.zaxxer.hikari.pool.HikariPool        : HikariPool-1 - Added connection conn0: url=jdbc:h2:mem:testdb user=SA
2025-11-19T08:04:52.819-03:00  INFO 22296 --- [tasklist] [Test worker] com.zaxxer.hikari.HikariDataSource       : HikariPool-1 - Start completed.
2025-11-19T08:04:52.969-03:00  INFO 22296 --- [tasklist] [Test worker] org.flywaydb.core.FlywayExecutor         : Database: jdbc:h2:mem:testdb (H2 2.3)
2025-11-19T08:04:53.039-03:00  INFO 22296 --- [tasklist] [Test worker] o.f.c.i.s.JdbcTableSchemaHistory         : Schema history table "PUBLIC"."flyway_schema_history" does not exist yet
2025-11-19T08:04:53.041-03:00  INFO 22296 --- [tasklist] [Test worker] o.f.core.internal.command.DbValidate     : Successfully validated 2 migrations (execution time 00:00.036s)
2025-11-19T08:04:53.058-03:00  INFO 22296 --- [tasklist] [Test worker] org.flywaydb.core.Flyway                 : All configured schemas are empty; baseline operation skipped. A baseline or migration script with a lower version than the baseline version may execute if available. Check the Schemas parameter if this is not intended.
2025-11-19T08:04:53.063-03:00  INFO 22296 --- [tasklist] [Test worker] o.f.c.i.s.JdbcTableSchemaHistory         : Creating Schema History table "PUBLIC"."flyway_schema_history" ...
2025-11-19T08:04:53.126-03:00  INFO 22296 --- [tasklist] [Test worker] o.f.core.internal.command.DbMigrate      : Current version of schema "PUBLIC": << Empty Schema >>
2025-11-19T08:04:53.141-03:00  INFO 22296 --- [tasklist] [Test worker] o.f.core.internal.command.DbMigrate      : Migrating schema "PUBLIC" to version "1 - create tasklists and tasks"
2025-11-19T08:04:53.188-03:00  INFO 22296 --- [tasklist] [Test worker] o.f.core.internal.command.DbMigrate      : Migrating schema "PUBLIC" to version "2 - add users and user relations"
2025-11-19T08:04:53.217-03:00  INFO 22296 --- [tasklist] [Test worker] o.f.core.internal.command.DbMigrate      : Successfully applied 2 migrations to schema "PUBLIC", now at version v2 (execution time 00:00.040s)
2025-11-19T08:04:53.511-03:00  INFO 22296 --- [tasklist] [Test worker] o.hibernate.jpa.internal.util.LogHelper  : HHH000204: Processing PersistenceUnitInfo [name: default]
2025-11-19T08:04:53.769-03:00  INFO 22296 --- [tasklist] [Test worker] org.hibernate.Version                    : HHH000412: Hibernate ORM core version 6.6.26.Final
2025-11-19T08:04:53.847-03:00  INFO 22296 --- [tasklist] [Test worker] o.h.c.internal.RegionFactoryInitiator    : HHH000026: Second-level cache disabled
2025-11-19T08:04:54.523-03:00  INFO 22296 --- [tasklist] [Test worker] o.s.o.j.p.SpringPersistenceUnitInfo      : No LoadTimeWeaver setup: ignoring JPA class transformer
2025-11-19T08:04:54.624-03:00  WARN 22296 --- [tasklist] [Test worker] org.hibernate.orm.deprecation            : HHH90000025: H2Dialect does not need to be specified explicitly using 'hibernate.dialect' (remove the property setting and it will be selected by default)
2025-11-19T08:04:54.659-03:00  INFO 22296 --- [tasklist] [Test worker] org.hibernate.orm.connections.pooling    : HHH10001005: Database info:
	Database JDBC URL [Connecting through datasource 'HikariDataSource (HikariPool-1)']
	Database driver: undefined/unknown
	Database version: 2.3.232
	Autocommit mode: undefined/unknown
	Isolation level: undefined/unknown
	Minimum pool size: undefined/unknown
	Maximum pool size: undefined/unknown
2025-11-19T08:04:57.181-03:00  INFO 22296 --- [tasklist] [Test worker] o.h.e.t.j.p.i.JtaPlatformInitiator       : HHH000489: No JTA platform available (set 'hibernate.transaction.jta.platform' to enable JTA platform integration)
2025-11-19T08:04:57.253-03:00  INFO 22296 --- [tasklist] [Test worker] j.LocalContainerEntityManagerFactoryBean : Initialized JPA EntityManagerFactory for persistence unit 'default'
2025-11-19T08:04:58.194-03:00  INFO 22296 --- [tasklist] [Test worker] o.s.d.j.r.query.QueryEnhancerFactory     : Hibernate is in classpath; If applicable, HQL parser will be used.
2025-11-19T08:05:00.318-03:00  WARN 22296 --- [tasklist] [Test worker] JpaBaseConfiguration$JpaWebConfiguration : spring.jpa.open-in-view is enabled by default. Therefore, database queries may be performed during view rendering. Explicitly configure spring.jpa.open-in-view to disable this warning
2025-11-19T08:05:01.185-03:00  INFO 22296 --- [tasklist] [Test worker] o.s.b.a.e.web.EndpointLinksResolver      : Exposing 15 endpoints beneath base path '/actuator'
2025-11-19T08:05:01.252-03:00  WARN 22296 --- [tasklist] [Test worker] .s.s.UserDetailsServiceAutoConfiguration : 

Using generated security password: c2a1d524-40a2-45fc-8a91-e137e857f345

This generated password is for development use only. Your security configuration must be updated before running your application in production.

2025-11-19T08:05:01.281-03:00  INFO 22296 --- [tasklist] [Test worker] r$InitializeUserDetailsManagerConfigurer : Global AuthenticationManager configured with UserDetailsService bean with name inMemoryUserDetailsManager
2025-11-19T08:05:02.680-03:00 DEBUG 22296 --- [tasklist] [Test worker] b.c.j.t.c.i.s.JwtAuthenticationFilter    : Filter 'jwtAuthenticationFilter' configured for use
2025-11-19T08:05:02.687-03:00  INFO 22296 --- [tasklist] [Test worker] o.s.b.t.m.w.SpringBootMockServletContext : Initializing Spring TestDispatcherServlet ''
2025-11-19T08:05:02.687-03:00  INFO 22296 --- [tasklist] [Test worker] o.s.t.web.servlet.TestDispatcherServlet  : Initializing Servlet ''
2025-11-19T08:05:02.690-03:00  INFO 22296 --- [tasklist] [Test worker] o.s.t.web.servlet.TestDispatcherServlet  : Completed initialization in 0 ms
2025-11-19T08:05:02.846-03:00  INFO 22296 --- [tasklist] [Test worker] b.c.j.t.i.TasklistIntegrationTest        : Started TasklistIntegrationTest in 16.804 seconds (process running for 20.591)
2025-11-19T08:05:02.999-03:00  INFO 22296 --- [tasklist] [Test worker] b.c.j.t.c.i.utils.ReadyEventListener     : >>> Connector Ready
2025-11-19T08:05:03.000-03:00  INFO 22296 --- [tasklist] [Test worker] b.c.j.t.c.i.utils.ReadyEventListener     : ======================================================
2025-11-19T08:05:03.000-03:00  INFO 22296 --- [tasklist] [Test worker] b.c.j.t.c.i.utils.ReadyEventListener     : == Execute mode:.....................'LOCAL'
2025-11-19T08:05:03.001-03:00  INFO 22296 --- [tasklist] [Test worker] b.c.j.t.c.i.utils.ReadyEventListener     : ======================================================
2025-11-19T08:05:03.002-03:00  WARN 22296 --- [tasklist] [Test worker] o.s.core.events.SpringDocAppInitializer  : SpringDoc /doc/tasklist/v3/api-documents endpoint is enabled by default. To disable it in production, set the property 'springdoc.api-docs.enabled=false'
2025-11-19T08:05:03.003-03:00  WARN 22296 --- [tasklist] [Test worker] o.s.core.events.SpringDocAppInitializer  : SpringDoc /doc/tasklist/v1/api.html endpoint is enabled by default. To disable it in production, set the property 'springdoc.swagger-ui.enabled=false'
2025-11-19T08:05:04.627-03:00  INFO 22296 --- [tasklist] [SpringApplicationShutdownHook] j.LocalContainerEntityManagerFactoryBean : Closing JPA EntityManagerFactory for persistence unit 'default'
2025-11-19T08:05:04.630-03:00  INFO 22296 --- [tasklist] [SpringApplicationShutdownHook] com.zaxxer.hikari.HikariDataSource       : HikariPool-1 - Shutdown initiated...
2025-11-19T08:05:04.634-03:00  INFO 22296 --- [tasklist] [SpringApplicationShutdownHook] com.zaxxer.hikari.HikariDataSource       : HikariPool-1 - Shutdown completed.
