2025-11-18T18:21:26.092-03:00  INFO 7716 --- [tasklist] [main] br.com.jtech.tasklist.StartTasklist      : Starting StartTasklist v1.0.0-SNAPSHOT using Java 21.0.4 with PID 7716 (C:\Users\Gustavo\Documents\fullstack2\jtech-tasklist-backend\build\classes\java\main started by Gustavo in C:\Users\Gustavo\Documents\fullstack2)
2025-11-18T18:21:26.094-03:00 DEBUG 7716 --- [tasklist] [main] br.com.jtech.tasklist.StartTasklist      : Running with Spring Boot v3.5.5, Spring v6.2.10
2025-11-18T18:21:26.095-03:00  INFO 7716 --- [tasklist] [main] br.com.jtech.tasklist.StartTasklist      : The following 1 profile is active: "dev"
2025-11-18T18:21:27.297-03:00  INFO 7716 --- [tasklist] [main] .s.d.r.c.RepositoryConfigurationDelegate : Bootstrapping Spring Data JPA repositories in DEFAULT mode.
2025-11-18T18:21:27.453-03:00  INFO 7716 --- [tasklist] [main] .s.d.r.c.RepositoryConfigurationDelegate : Finished Spring Data repository scanning in 77 ms. Found 2 JPA repository interfaces.
2025-11-18T18:21:28.018-03:00  INFO 7716 --- [tasklist] [main] o.s.b.w.embedded.tomcat.TomcatWebServer  : Tomcat initialized with port 0 (http)
2025-11-18T18:21:28.032-03:00  INFO 7716 --- [tasklist] [main] o.apache.catalina.core.StandardService   : Starting service [Tomcat]
2025-11-18T18:21:28.032-03:00  INFO 7716 --- [tasklist] [main] o.apache.catalina.core.StandardEngine    : Starting Servlet engine: [Apache Tomcat/10.1.44]
2025-11-18T18:21:28.095-03:00  INFO 7716 --- [tasklist] [main] o.a.c.c.C.[Tomcat].[localhost].[/]       : Initializing Spring embedded WebApplicationContext
2025-11-18T18:21:28.095-03:00  INFO 7716 --- [tasklist] [main] w.s.c.ServletWebServerApplicationContext : Root WebApplicationContext: initialization completed in 1953 ms
2025-11-18T18:21:28.488-03:00  INFO 7716 --- [tasklist] [main] com.zaxxer.hikari.HikariDataSource       : HikariPool-1 - Starting...
2025-11-18T18:21:28.752-03:00  INFO 7716 --- [tasklist] [main] com.zaxxer.hikari.pool.HikariPool        : HikariPool-1 - Added connection org.postgresql.jdbc.PgConnection@71285693
2025-11-18T18:21:28.755-03:00  INFO 7716 --- [tasklist] [main] com.zaxxer.hikari.HikariDataSource       : HikariPool-1 - Start completed.
2025-11-18T18:21:28.790-03:00  INFO 7716 --- [tasklist] [main] org.flywaydb.core.FlywayExecutor         : Database: jdbc:postgresql://localhost:5432/sansys_database (PostgreSQL 15.15)
2025-11-18T18:21:28.832-03:00  INFO 7716 --- [tasklist] [main] o.f.c.i.s.JdbcTableSchemaHistory         : Schema history table "public"."flyway_schema_history" does not exist yet
2025-11-18T18:21:28.835-03:00  INFO 7716 --- [tasklist] [main] o.f.core.internal.command.DbValidate     : Successfully validated 1 migration (execution time 00:00.020s)
2025-11-18T18:21:28.846-03:00  INFO 7716 --- [tasklist] [main] org.flywaydb.core.Flyway                 : All configured schemas are empty; baseline operation skipped. A baseline or migration script with a lower version than the baseline version may execute if available. Check the Schemas parameter if this is not intended.
2025-11-18T18:21:28.851-03:00  INFO 7716 --- [tasklist] [main] o.f.c.i.s.JdbcTableSchemaHistory         : Creating Schema History table "public"."flyway_schema_history" ...
2025-11-18T18:21:28.903-03:00  INFO 7716 --- [tasklist] [main] o.f.core.internal.command.DbMigrate      : Current version of schema "public": << Empty Schema >>
2025-11-18T18:21:28.910-03:00  INFO 7716 --- [tasklist] [main] o.f.core.internal.command.DbMigrate      : Migrating schema "public" to version "1 - create tasklists and tasks"
2025-11-18T18:21:29.021-03:00  INFO 7716 --- [tasklist] [main] o.f.core.internal.command.DbMigrate      : Successfully applied 1 migration to schema "public", now at version v1 (execution time 00:00.016s)
2025-11-18T18:21:29.133-03:00  INFO 7716 --- [tasklist] [main] o.hibernate.jpa.internal.util.LogHelper  : HHH000204: Processing PersistenceUnitInfo [name: default]
2025-11-18T18:21:29.197-03:00  INFO 7716 --- [tasklist] [main] org.hibernate.Version                    : HHH000412: Hibernate ORM core version 6.6.26.Final
2025-11-18T18:21:29.237-03:00  INFO 7716 --- [tasklist] [main] o.h.c.internal.RegionFactoryInitiator    : HHH000026: Second-level cache disabled
2025-11-18T18:21:29.648-03:00  INFO 7716 --- [tasklist] [main] o.s.o.j.p.SpringPersistenceUnitInfo      : No LoadTimeWeaver setup: ignoring JPA class transformer
2025-11-18T18:21:29.713-03:00  WARN 7716 --- [tasklist] [main] org.hibernate.orm.deprecation            : HHH90000025: PostgreSQLDialect does not need to be specified explicitly using 'hibernate.dialect' (remove the property setting and it will be selected by default)
2025-11-18T18:21:29.730-03:00  INFO 7716 --- [tasklist] [main] org.hibernate.orm.connections.pooling    : HHH10001005: Database info:
	Database JDBC URL [Connecting through datasource 'HikariDataSource (HikariPool-1)']
	Database driver: undefined/unknown
	Database version: 15.15
	Autocommit mode: undefined/unknown
	Isolation level: undefined/unknown
	Minimum pool size: undefined/unknown
	Maximum pool size: undefined/unknown
2025-11-18T18:21:30.840-03:00  INFO 7716 --- [tasklist] [main] o.h.e.t.j.p.i.JtaPlatformInitiator       : HHH000489: No JTA platform available (set 'hibernate.transaction.jta.platform' to enable JTA platform integration)
2025-11-18T18:21:30.843-03:00  INFO 7716 --- [tasklist] [main] j.LocalContainerEntityManagerFactoryBean : Initialized JPA EntityManagerFactory for persistence unit 'default'
2025-11-18T18:21:31.009-03:00  WARN 7716 --- [tasklist] [main] ConfigServletWebServerApplicationContext : Exception encountered during context initialization - cancelling refresh attempt: org.springframework.beans.factory.UnsatisfiedDependencyException: Error creating bean with name 'deleteTasklistController' defined in file [C:\Users\Gustavo\Documents\fullstack2\jtech-tasklist-backend\build\classes\java\main\br\com\jtech\tasklist\adapters\input\controllers\tasklist\DeleteTasklistController.class]: Unsatisfied dependency expressed through constructor parameter 0: No qualifying bean of type 'br.com.jtech.tasklist.application.ports.input.TasklistInputGateway' available: expected single matching bean but found 4: updateTasklistUseCase,createTasklistUseCase,deleteTasklistUseCase,listTasklistUseCase
2025-11-18T18:21:31.010-03:00  INFO 7716 --- [tasklist] [main] j.LocalContainerEntityManagerFactoryBean : Closing JPA EntityManagerFactory for persistence unit 'default'
2025-11-18T18:21:31.012-03:00  INFO 7716 --- [tasklist] [main] com.zaxxer.hikari.HikariDataSource       : HikariPool-1 - Shutdown initiated...
2025-11-18T18:21:31.016-03:00  INFO 7716 --- [tasklist] [main] com.zaxxer.hikari.HikariDataSource       : HikariPool-1 - Shutdown completed.
2025-11-18T18:21:31.019-03:00  INFO 7716 --- [tasklist] [main] o.apache.catalina.core.StandardService   : Stopping service [Tomcat]
2025-11-18T18:21:31.060-03:00  INFO 7716 --- [tasklist] [main] .s.b.a.l.ConditionEvaluationReportLogger : 

Error starting ApplicationContext. To display the condition evaluation report re-run your application with 'debug' enabled.
2025-11-18T18:21:31.081-03:00 ERROR 7716 --- [tasklist] [main] o.s.b.d.LoggingFailureAnalysisReporter   : 

***************************
APPLICATION FAILED TO START
***************************

Description:

Parameter 0 of constructor in br.com.jtech.tasklist.adapters.input.controllers.tasklist.DeleteTasklistController required a single bean, but 4 were found:
	- updateTasklistUseCase: defined by method 'updateTasklistUseCase' in class path resource [br/com/jtech/tasklist/config/usecases/TasklistUseCasesConfig.class]
	- createTasklistUseCase: defined by method 'createTasklistUseCase' in class path resource [br/com/jtech/tasklist/config/usecases/TasklistUseCasesConfig.class]
	- deleteTasklistUseCase: defined by method 'deleteTasklistUseCase' in class path resource [br/com/jtech/tasklist/config/usecases/TasklistUseCasesConfig.class]
	- listTasklistUseCase: defined by method 'listTasklistUseCase' in class path resource [br/com/jtech/tasklist/config/usecases/TasklistUseCasesConfig.class]

This may be due to missing parameter name information

Action:

Consider marking one of the beans as @Primary, updating the consumer to accept multiple beans, or using @Qualifier to identify the bean that should be consumed

Ensure that your compiler is configured to use the '-parameters' flag.
You may need to update both your build tool settings as well as your IDE.
(See https://github.com/spring-projects/spring-framework/wiki/Spring-Framework-6.1-Release-Notes#parameter-name-retention)


2025-11-18T18:28:35.370-03:00  INFO 11752 --- [tasklist] [main] br.com.jtech.tasklist.StartTasklist      : Starting StartTasklist v1.0.0-SNAPSHOT using Java 21.0.4 with PID 11752 (C:\Users\Gustavo\Documents\fullstack2\jtech-tasklist-backend\build\classes\java\main started by Gustavo in C:\Users\Gustavo\Documents\fullstack2)
2025-11-18T18:28:35.373-03:00 DEBUG 11752 --- [tasklist] [main] br.com.jtech.tasklist.StartTasklist      : Running with Spring Boot v3.5.5, Spring v6.2.10
2025-11-18T18:28:35.374-03:00  INFO 11752 --- [tasklist] [main] br.com.jtech.tasklist.StartTasklist      : The following 1 profile is active: "dev"
2025-11-18T18:28:36.761-03:00  INFO 11752 --- [tasklist] [main] .s.d.r.c.RepositoryConfigurationDelegate : Bootstrapping Spring Data JPA repositories in DEFAULT mode.
2025-11-18T18:28:36.864-03:00  INFO 11752 --- [tasklist] [main] .s.d.r.c.RepositoryConfigurationDelegate : Finished Spring Data repository scanning in 93 ms. Found 2 JPA repository interfaces.
2025-11-18T18:28:37.520-03:00  INFO 11752 --- [tasklist] [main] o.s.b.w.embedded.tomcat.TomcatWebServer  : Tomcat initialized with port 0 (http)
2025-11-18T18:28:37.537-03:00  INFO 11752 --- [tasklist] [main] o.apache.catalina.core.StandardService   : Starting service [Tomcat]
2025-11-18T18:28:37.538-03:00  INFO 11752 --- [tasklist] [main] o.apache.catalina.core.StandardEngine    : Starting Servlet engine: [Apache Tomcat/10.1.44]
2025-11-18T18:28:37.617-03:00  INFO 11752 --- [tasklist] [main] o.a.c.c.C.[Tomcat].[localhost].[/]       : Initializing Spring embedded WebApplicationContext
2025-11-18T18:28:37.618-03:00  INFO 11752 --- [tasklist] [main] w.s.c.ServletWebServerApplicationContext : Root WebApplicationContext: initialization completed in 2201 ms
2025-11-18T18:28:38.055-03:00  INFO 11752 --- [tasklist] [main] com.zaxxer.hikari.HikariDataSource       : HikariPool-1 - Starting...
2025-11-18T18:28:38.283-03:00  INFO 11752 --- [tasklist] [main] com.zaxxer.hikari.pool.HikariPool        : HikariPool-1 - Added connection org.postgresql.jdbc.PgConnection@74a5bef0
2025-11-18T18:28:38.285-03:00  INFO 11752 --- [tasklist] [main] com.zaxxer.hikari.HikariDataSource       : HikariPool-1 - Start completed.
2025-11-18T18:28:38.311-03:00  INFO 11752 --- [tasklist] [main] org.flywaydb.core.FlywayExecutor         : Database: jdbc:postgresql://localhost:5432/sansys_database (PostgreSQL 15.15)
2025-11-18T18:28:38.358-03:00  INFO 11752 --- [tasklist] [main] o.f.core.internal.command.DbValidate     : Successfully validated 1 migration (execution time 00:00.026s)
2025-11-18T18:28:38.394-03:00  INFO 11752 --- [tasklist] [main] o.f.core.internal.command.DbMigrate      : Current version of schema "public": 1
2025-11-18T18:28:38.397-03:00  INFO 11752 --- [tasklist] [main] o.f.core.internal.command.DbMigrate      : Schema "public" is up to date. No migration necessary.
2025-11-18T18:28:38.509-03:00  INFO 11752 --- [tasklist] [main] o.hibernate.jpa.internal.util.LogHelper  : HHH000204: Processing PersistenceUnitInfo [name: default]
2025-11-18T18:28:38.596-03:00  INFO 11752 --- [tasklist] [main] org.hibernate.Version                    : HHH000412: Hibernate ORM core version 6.6.26.Final
2025-11-18T18:28:38.645-03:00  INFO 11752 --- [tasklist] [main] o.h.c.internal.RegionFactoryInitiator    : HHH000026: Second-level cache disabled
2025-11-18T18:28:39.039-03:00  INFO 11752 --- [tasklist] [main] o.s.o.j.p.SpringPersistenceUnitInfo      : No LoadTimeWeaver setup: ignoring JPA class transformer
2025-11-18T18:28:39.106-03:00  WARN 11752 --- [tasklist] [main] org.hibernate.orm.deprecation            : HHH90000025: PostgreSQLDialect does not need to be specified explicitly using 'hibernate.dialect' (remove the property setting and it will be selected by default)
2025-11-18T18:28:39.124-03:00  INFO 11752 --- [tasklist] [main] org.hibernate.orm.connections.pooling    : HHH10001005: Database info:
	Database JDBC URL [Connecting through datasource 'HikariDataSource (HikariPool-1)']
	Database driver: undefined/unknown
	Database version: 15.15
	Autocommit mode: undefined/unknown
	Isolation level: undefined/unknown
	Minimum pool size: undefined/unknown
	Maximum pool size: undefined/unknown
2025-11-18T18:28:40.187-03:00  INFO 11752 --- [tasklist] [main] o.h.e.t.j.p.i.JtaPlatformInitiator       : HHH000489: No JTA platform available (set 'hibernate.transaction.jta.platform' to enable JTA platform integration)
2025-11-18T18:28:40.191-03:00  INFO 11752 --- [tasklist] [main] j.LocalContainerEntityManagerFactoryBean : Initialized JPA EntityManagerFactory for persistence unit 'default'
2025-11-18T18:28:40.691-03:00  INFO 11752 --- [tasklist] [main] o.s.d.j.r.query.QueryEnhancerFactory     : Hibernate is in classpath; If applicable, HQL parser will be used.
2025-11-18T18:28:41.241-03:00  WARN 11752 --- [tasklist] [main] ConfigServletWebServerApplicationContext : Exception encountered during context initialization - cancelling refresh attempt: org.springframework.beans.factory.UnsatisfiedDependencyException: Error creating bean with name 'deleteTaskController' defined in file [C:\Users\Gustavo\Documents\fullstack2\jtech-tasklist-backend\build\classes\java\main\br\com\jtech\tasklist\adapters\input\controllers\task\DeleteTaskController.class]: Unsatisfied dependency expressed through constructor parameter 0: No qualifying bean of type 'br.com.jtech.tasklist.application.ports.input.TaskInputGateway' available: expected single matching bean but found 5: createTaskUseCase,updateTaskUseCase,deleteTaskUseCase,listTasksUseCase,completeTaskUseCase
2025-11-18T18:28:41.241-03:00  INFO 11752 --- [tasklist] [main] j.LocalContainerEntityManagerFactoryBean : Closing JPA EntityManagerFactory for persistence unit 'default'
2025-11-18T18:28:41.244-03:00  INFO 11752 --- [tasklist] [main] com.zaxxer.hikari.HikariDataSource       : HikariPool-1 - Shutdown initiated...
2025-11-18T18:28:41.248-03:00  INFO 11752 --- [tasklist] [main] com.zaxxer.hikari.HikariDataSource       : HikariPool-1 - Shutdown completed.
2025-11-18T18:28:41.251-03:00  INFO 11752 --- [tasklist] [main] o.apache.catalina.core.StandardService   : Stopping service [Tomcat]
2025-11-18T18:28:41.270-03:00  INFO 11752 --- [tasklist] [main] .s.b.a.l.ConditionEvaluationReportLogger : 

Error starting ApplicationContext. To display the condition evaluation report re-run your application with 'debug' enabled.
2025-11-18T18:28:41.294-03:00 ERROR 11752 --- [tasklist] [main] o.s.b.d.LoggingFailureAnalysisReporter   : 

***************************
APPLICATION FAILED TO START
***************************

Description:

Parameter 0 of constructor in br.com.jtech.tasklist.adapters.input.controllers.task.DeleteTaskController required a single bean, but 5 were found:
	- createTaskUseCase: defined by method 'createTaskUseCase' in class path resource [br/com/jtech/tasklist/config/usecases/TaskUseCasesConfig.class]
	- updateTaskUseCase: defined by method 'updateTaskUseCase' in class path resource [br/com/jtech/tasklist/config/usecases/TaskUseCasesConfig.class]
	- deleteTaskUseCase: defined by method 'deleteTaskUseCase' in class path resource [br/com/jtech/tasklist/config/usecases/TaskUseCasesConfig.class]
	- listTasksUseCase: defined by method 'listTasksUseCase' in class path resource [br/com/jtech/tasklist/config/usecases/TaskUseCasesConfig.class]
	- completeTaskUseCase: defined by method 'completeTaskUseCase' in class path resource [br/com/jtech/tasklist/config/usecases/TaskUseCasesConfig.class]

This may be due to missing parameter name information

Action:

Consider marking one of the beans as @Primary, updating the consumer to accept multiple beans, or using @Qualifier to identify the bean that should be consumed

Ensure that your compiler is configured to use the '-parameters' flag.
You may need to update both your build tool settings as well as your IDE.
(See https://github.com/spring-projects/spring-framework/wiki/Spring-Framework-6.1-Release-Notes#parameter-name-retention)


2025-11-18T18:31:19.434-03:00  INFO 18208 --- [tasklist] [main] br.com.jtech.tasklist.StartTasklist      : Starting StartTasklist v1.0.0-SNAPSHOT using Java 21.0.4 with PID 18208 (C:\Users\Gustavo\Documents\fullstack2\jtech-tasklist-backend\build\classes\java\main started by Gustavo in C:\Users\Gustavo\Documents\fullstack2)
2025-11-18T18:31:19.435-03:00 DEBUG 18208 --- [tasklist] [main] br.com.jtech.tasklist.StartTasklist      : Running with Spring Boot v3.5.5, Spring v6.2.10
2025-11-18T18:31:19.436-03:00  INFO 18208 --- [tasklist] [main] br.com.jtech.tasklist.StartTasklist      : The following 1 profile is active: "dev"
2025-11-18T18:31:20.475-03:00  INFO 18208 --- [tasklist] [main] .s.d.r.c.RepositoryConfigurationDelegate : Bootstrapping Spring Data JPA repositories in DEFAULT mode.
2025-11-18T18:31:20.555-03:00  INFO 18208 --- [tasklist] [main] .s.d.r.c.RepositoryConfigurationDelegate : Finished Spring Data repository scanning in 72 ms. Found 2 JPA repository interfaces.
2025-11-18T18:31:21.100-03:00  INFO 18208 --- [tasklist] [main] o.s.b.w.embedded.tomcat.TomcatWebServer  : Tomcat initialized with port 0 (http)
2025-11-18T18:31:21.113-03:00  INFO 18208 --- [tasklist] [main] o.apache.catalina.core.StandardService   : Starting service [Tomcat]
2025-11-18T18:31:21.114-03:00  INFO 18208 --- [tasklist] [main] o.apache.catalina.core.StandardEngine    : Starting Servlet engine: [Apache Tomcat/10.1.44]
2025-11-18T18:31:21.175-03:00  INFO 18208 --- [tasklist] [main] o.a.c.c.C.[Tomcat].[localhost].[/]       : Initializing Spring embedded WebApplicationContext
2025-11-18T18:31:21.176-03:00  INFO 18208 --- [tasklist] [main] w.s.c.ServletWebServerApplicationContext : Root WebApplicationContext: initialization completed in 1703 ms
2025-11-18T18:31:21.542-03:00  INFO 18208 --- [tasklist] [main] com.zaxxer.hikari.HikariDataSource       : HikariPool-1 - Starting...
2025-11-18T18:31:21.683-03:00  INFO 18208 --- [tasklist] [main] com.zaxxer.hikari.pool.HikariPool        : HikariPool-1 - Added connection org.postgresql.jdbc.PgConnection@546083d6
2025-11-18T18:31:21.684-03:00  INFO 18208 --- [tasklist] [main] com.zaxxer.hikari.HikariDataSource       : HikariPool-1 - Start completed.
2025-11-18T18:31:21.710-03:00  INFO 18208 --- [tasklist] [main] org.flywaydb.core.FlywayExecutor         : Database: jdbc:postgresql://localhost:5432/sansys_database (PostgreSQL 15.15)
2025-11-18T18:31:21.758-03:00  INFO 18208 --- [tasklist] [main] o.f.core.internal.command.DbValidate     : Successfully validated 1 migration (execution time 00:00.026s)
2025-11-18T18:31:21.797-03:00  INFO 18208 --- [tasklist] [main] o.f.core.internal.command.DbMigrate      : Current version of schema "public": 1
2025-11-18T18:31:21.800-03:00  INFO 18208 --- [tasklist] [main] o.f.core.internal.command.DbMigrate      : Schema "public" is up to date. No migration necessary.
2025-11-18T18:31:21.893-03:00  INFO 18208 --- [tasklist] [main] o.hibernate.jpa.internal.util.LogHelper  : HHH000204: Processing PersistenceUnitInfo [name: default]
2025-11-18T18:31:21.952-03:00  INFO 18208 --- [tasklist] [main] org.hibernate.Version                    : HHH000412: Hibernate ORM core version 6.6.26.Final
2025-11-18T18:31:21.991-03:00  INFO 18208 --- [tasklist] [main] o.h.c.internal.RegionFactoryInitiator    : HHH000026: Second-level cache disabled
2025-11-18T18:31:22.306-03:00  INFO 18208 --- [tasklist] [main] o.s.o.j.p.SpringPersistenceUnitInfo      : No LoadTimeWeaver setup: ignoring JPA class transformer
2025-11-18T18:31:22.362-03:00  WARN 18208 --- [tasklist] [main] org.hibernate.orm.deprecation            : HHH90000025: PostgreSQLDialect does not need to be specified explicitly using 'hibernate.dialect' (remove the property setting and it will be selected by default)
2025-11-18T18:31:22.378-03:00  INFO 18208 --- [tasklist] [main] org.hibernate.orm.connections.pooling    : HHH10001005: Database info:
	Database JDBC URL [Connecting through datasource 'HikariDataSource (HikariPool-1)']
	Database driver: undefined/unknown
	Database version: 15.15
	Autocommit mode: undefined/unknown
	Isolation level: undefined/unknown
	Minimum pool size: undefined/unknown
	Maximum pool size: undefined/unknown
2025-11-18T18:31:23.305-03:00  INFO 18208 --- [tasklist] [main] o.h.e.t.j.p.i.JtaPlatformInitiator       : HHH000489: No JTA platform available (set 'hibernate.transaction.jta.platform' to enable JTA platform integration)
2025-11-18T18:31:23.308-03:00  INFO 18208 --- [tasklist] [main] j.LocalContainerEntityManagerFactoryBean : Initialized JPA EntityManagerFactory for persistence unit 'default'
2025-11-18T18:31:23.560-03:00  INFO 18208 --- [tasklist] [main] o.s.d.j.r.query.QueryEnhancerFactory     : Hibernate is in classpath; If applicable, HQL parser will be used.
2025-11-18T18:31:24.125-03:00  WARN 18208 --- [tasklist] [main] JpaBaseConfiguration$JpaWebConfiguration : spring.jpa.open-in-view is enabled by default. Therefore, database queries may be performed during view rendering. Explicitly configure spring.jpa.open-in-view to disable this warning
2025-11-18T18:31:25.089-03:00  INFO 18208 --- [tasklist] [main] o.s.b.a.e.web.EndpointLinksResolver      : Exposing 15 endpoints beneath base path '/actuator'
2025-11-18T18:31:25.181-03:00  INFO 18208 --- [tasklist] [main] o.s.b.w.embedded.tomcat.TomcatWebServer  : Tomcat started on port 52422 (http) with context path '/'
2025-11-18T18:31:25.195-03:00  INFO 18208 --- [tasklist] [main] br.com.jtech.tasklist.StartTasklist      : Started StartTasklist in 6.286 seconds (process running for 7.043)
2025-11-18T18:31:25.201-03:00  INFO 18208 --- [tasklist] [main] b.c.j.t.c.i.l.ReadyEventListener         : >>> Connector Ready
2025-11-18T18:31:25.201-03:00  INFO 18208 --- [tasklist] [main] b.c.j.t.c.i.l.ReadyEventListener         : ======================================================
2025-11-18T18:31:25.201-03:00  INFO 18208 --- [tasklist] [main] b.c.j.t.c.i.l.ReadyEventListener         : == Execute mode:.....................'LOCAL'
2025-11-18T18:31:25.201-03:00  INFO 18208 --- [tasklist] [main] b.c.j.t.c.i.l.ReadyEventListener         : ======================================================
2025-11-18T18:31:25.470-03:00  INFO 18208 --- [tasklist] [RMI TCP Connection(2)-192.168.0.170] o.a.c.c.C.[Tomcat].[localhost].[/]       : Initializing Spring DispatcherServlet 'dispatcherServlet'
2025-11-18T18:31:25.471-03:00  INFO 18208 --- [tasklist] [RMI TCP Connection(2)-192.168.0.170] o.s.web.servlet.DispatcherServlet        : Initializing Servlet 'dispatcherServlet'
2025-11-18T18:31:25.474-03:00  INFO 18208 --- [tasklist] [RMI TCP Connection(2)-192.168.0.170] o.s.web.servlet.DispatcherServlet        : Completed initialization in 2 ms
2025-11-18T18:38:14.326-03:00 ERROR 18208 --- [tasklist] [http-nio-auto-1-exec-10] o.a.c.c.C.[.[.[/].[dispatcherServlet]    : Servlet.service() for servlet [dispatcherServlet] in context with path [] threw exception [Handler dispatch failed: java.lang.NoSuchMethodError: 'void org.springframework.web.method.ControllerAdviceBean.<init>(java.lang.Object)'] with root cause

java.lang.NoSuchMethodError: 'void org.springframework.web.method.ControllerAdviceBean.<init>(java.lang.Object)'
	at org.springdoc.core.service.GenericResponseService.lambda$getGenericMapResponse$8(GenericResponseService.java:690) ~[springdoc-openapi-starter-common-2.0.4.jar:2.0.4]
	at java.base/java.util.stream.ReferencePipeline$2$1.accept(ReferencePipeline.java:178) ~[na:na]
	at java.base/java.util.ArrayList$ArrayListSpliterator.forEachRemaining(ArrayList.java:1708) ~[na:na]
	at java.base/java.util.stream.AbstractPipeline.copyInto(AbstractPipeline.java:509) ~[na:na]
	at java.base/java.util.stream.AbstractPipeline.wrapAndCopyInto(AbstractPipeline.java:499) ~[na:na]
	at java.base/java.util.stream.AbstractPipeline.evaluate(AbstractPipeline.java:575) ~[na:na]
	at java.base/java.util.stream.AbstractPipeline.evaluateToArrayNode(AbstractPipeline.java:260) ~[na:na]
	at java.base/java.util.stream.ReferencePipeline.toArray(ReferencePipeline.java:616) ~[na:na]
	at java.base/java.util.stream.ReferencePipeline.toArray(ReferencePipeline.java:622) ~[na:na]
	at java.base/java.util.stream.ReferencePipeline.toList(ReferencePipeline.java:627) ~[na:na]
	at org.springdoc.core.service.GenericResponseService.getGenericMapResponse(GenericResponseService.java:692) ~[springdoc-openapi-starter-common-2.0.4.jar:2.0.4]
	at org.springdoc.core.service.GenericResponseService.build(GenericResponseService.java:235) ~[springdoc-openapi-starter-common-2.0.4.jar:2.0.4]
	at org.springdoc.api.AbstractOpenApiResource.calculatePath(AbstractOpenApiResource.java:475) ~[springdoc-openapi-starter-common-2.0.4.jar:2.0.4]
	at org.springdoc.api.AbstractOpenApiResource.calculatePath(AbstractOpenApiResource.java:652) ~[springdoc-openapi-starter-common-2.0.4.jar:2.0.4]
	at org.springdoc.webmvc.api.OpenApiResource.lambda$calculatePath$11(OpenApiResource.java:219) ~[springdoc-openapi-starter-webmvc-api-2.0.4.jar:2.0.4]
	at java.base/java.util.Optional.ifPresent(Optional.java:178) ~[na:na]
	at org.springdoc.webmvc.api.OpenApiResource.calculatePath(OpenApiResource.java:200) ~[springdoc-openapi-starter-webmvc-api-2.0.4.jar:2.0.4]
	at org.springdoc.webmvc.api.OpenApiResource.lambda$getPaths$2(OpenApiResource.java:170) ~[springdoc-openapi-starter-webmvc-api-2.0.4.jar:2.0.4]
	at java.base/java.util.Optional.ifPresent(Optional.java:178) ~[na:na]
	at org.springdoc.webmvc.api.OpenApiResource.getPaths(OpenApiResource.java:149) ~[springdoc-openapi-starter-webmvc-api-2.0.4.jar:2.0.4]
	at org.springdoc.api.AbstractOpenApiResource.getOpenApi(AbstractOpenApiResource.java:334) ~[springdoc-openapi-starter-common-2.0.4.jar:2.0.4]
	at org.springdoc.webmvc.api.OpenApiResource.openapiJson(OpenApiResource.java:124) ~[springdoc-openapi-starter-webmvc-api-2.0.4.jar:2.0.4]
	at org.springdoc.webmvc.api.OpenApiWebMvcResource.openapiJson(OpenApiWebMvcResource.java:111) ~[springdoc-openapi-starter-webmvc-api-2.0.4.jar:2.0.4]
	at java.base/jdk.internal.reflect.DirectMethodHandleAccessor.invoke(DirectMethodHandleAccessor.java:103) ~[na:na]
	at java.base/java.lang.reflect.Method.invoke(Method.java:580) ~[na:na]
	at org.springframework.web.method.support.InvocableHandlerMethod.doInvoke(InvocableHandlerMethod.java:258) ~[spring-web-6.2.10.jar:6.2.10]
	at org.springframework.web.method.support.InvocableHandlerMethod.invokeForRequest(InvocableHandlerMethod.java:191) ~[spring-web-6.2.10.jar:6.2.10]
	at org.springframework.web.servlet.mvc.method.annotation.ServletInvocableHandlerMethod.invokeAndHandle(ServletInvocableHandlerMethod.java:118) ~[spring-webmvc-6.2.10.jar:6.2.10]
	at org.springframework.web.servlet.mvc.method.annotation.RequestMappingHandlerAdapter.invokeHandlerMethod(RequestMappingHandlerAdapter.java:991) ~[spring-webmvc-6.2.10.jar:6.2.10]
	at org.springframework.web.servlet.mvc.method.annotation.RequestMappingHandlerAdapter.handleInternal(RequestMappingHandlerAdapter.java:896) ~[spring-webmvc-6.2.10.jar:6.2.10]
	at org.springframework.web.servlet.mvc.method.AbstractHandlerMethodAdapter.handle(AbstractHandlerMethodAdapter.java:87) ~[spring-webmvc-6.2.10.jar:6.2.10]
	at org.springframework.web.servlet.DispatcherServlet.doDispatch(DispatcherServlet.java:1089) ~[spring-webmvc-6.2.10.jar:6.2.10]
	at org.springframework.web.servlet.DispatcherServlet.doService(DispatcherServlet.java:979) ~[spring-webmvc-6.2.10.jar:6.2.10]
	at org.springframework.web.servlet.FrameworkServlet.processRequest(FrameworkServlet.java:1014) ~[spring-webmvc-6.2.10.jar:6.2.10]
	at org.springframework.web.servlet.FrameworkServlet.doGet(FrameworkServlet.java:903) ~[spring-webmvc-6.2.10.jar:6.2.10]
	at jakarta.servlet.http.HttpServlet.service(HttpServlet.java:564) ~[tomcat-embed-core-10.1.44.jar:6.0]
	at org.springframework.web.servlet.FrameworkServlet.service(FrameworkServlet.java:885) ~[spring-webmvc-6.2.10.jar:6.2.10]
	at jakarta.servlet.http.HttpServlet.service(HttpServlet.java:658) ~[tomcat-embed-core-10.1.44.jar:6.0]
	at org.apache.catalina.core.ApplicationFilterChain.internalDoFilter(ApplicationFilterChain.java:195) ~[tomcat-embed-core-10.1.44.jar:10.1.44]
	at org.apache.catalina.core.ApplicationFilterChain.doFilter(ApplicationFilterChain.java:140) ~[tomcat-embed-core-10.1.44.jar:10.1.44]
	at org.apache.tomcat.websocket.server.WsFilter.doFilter(WsFilter.java:51) ~[tomcat-embed-websocket-10.1.44.jar:10.1.44]
	at org.apache.catalina.core.ApplicationFilterChain.internalDoFilter(ApplicationFilterChain.java:164) ~[tomcat-embed-core-10.1.44.jar:10.1.44]
	at org.apache.catalina.core.ApplicationFilterChain.doFilter(ApplicationFilterChain.java:140) ~[tomcat-embed-core-10.1.44.jar:10.1.44]
	at org.springframework.web.filter.RequestContextFilter.doFilterInternal(RequestContextFilter.java:100) ~[spring-web-6.2.10.jar:6.2.10]
	at org.springframework.web.filter.OncePerRequestFilter.doFilter(OncePerRequestFilter.java:116) ~[spring-web-6.2.10.jar:6.2.10]
	at org.apache.catalina.core.ApplicationFilterChain.internalDoFilter(ApplicationFilterChain.java:164) ~[tomcat-embed-core-10.1.44.jar:10.1.44]
	at org.apache.catalina.core.ApplicationFilterChain.doFilter(ApplicationFilterChain.java:140) ~[tomcat-embed-core-10.1.44.jar:10.1.44]
	at org.springframework.web.filter.FormContentFilter.doFilterInternal(FormContentFilter.java:93) ~[spring-web-6.2.10.jar:6.2.10]
	at org.springframework.web.filter.OncePerRequestFilter.doFilter(OncePerRequestFilter.java:116) ~[spring-web-6.2.10.jar:6.2.10]
	at org.apache.catalina.core.ApplicationFilterChain.internalDoFilter(ApplicationFilterChain.java:164) ~[tomcat-embed-core-10.1.44.jar:10.1.44]
	at org.apache.catalina.core.ApplicationFilterChain.doFilter(ApplicationFilterChain.java:140) ~[tomcat-embed-core-10.1.44.jar:10.1.44]
	at org.springframework.web.filter.ServerHttpObservationFilter.doFilterInternal(ServerHttpObservationFilter.java:110) ~[spring-web-6.2.10.jar:6.2.10]
	at org.springframework.web.filter.OncePerRequestFilter.doFilter(OncePerRequestFilter.java:116) ~[spring-web-6.2.10.jar:6.2.10]
	at org.apache.catalina.core.ApplicationFilterChain.internalDoFilter(ApplicationFilterChain.java:164) ~[tomcat-embed-core-10.1.44.jar:10.1.44]
	at org.apache.catalina.core.ApplicationFilterChain.doFilter(ApplicationFilterChain.java:140) ~[tomcat-embed-core-10.1.44.jar:10.1.44]
	at org.springframework.web.filter.CharacterEncodingFilter.doFilterInternal(CharacterEncodingFilter.java:201) ~[spring-web-6.2.10.jar:6.2.10]
	at org.springframework.web.filter.OncePerRequestFilter.doFilter(OncePerRequestFilter.java:116) ~[spring-web-6.2.10.jar:6.2.10]
	at org.apache.catalina.core.ApplicationFilterChain.internalDoFilter(ApplicationFilterChain.java:164) ~[tomcat-embed-core-10.1.44.jar:10.1.44]
	at org.apache.catalina.core.ApplicationFilterChain.doFilter(ApplicationFilterChain.java:140) ~[tomcat-embed-core-10.1.44.jar:10.1.44]
	at org.springframework.web.filter.OncePerRequestFilter.doFilter(OncePerRequestFilter.java:101) ~[spring-web-6.2.10.jar:6.2.10]
	at org.apache.catalina.core.ApplicationFilterChain.internalDoFilter(ApplicationFilterChain.java:164) ~[tomcat-embed-core-10.1.44.jar:10.1.44]
	at org.apache.catalina.core.ApplicationFilterChain.doFilter(ApplicationFilterChain.java:140) ~[tomcat-embed-core-10.1.44.jar:10.1.44]
	at org.apache.catalina.core.StandardWrapperValve.invoke(StandardWrapperValve.java:167) ~[tomcat-embed-core-10.1.44.jar:10.1.44]
	at org.apache.catalina.core.StandardContextValve.invoke(StandardContextValve.java:90) ~[tomcat-embed-core-10.1.44.jar:10.1.44]
	at org.apache.catalina.authenticator.AuthenticatorBase.invoke(AuthenticatorBase.java:483) ~[tomcat-embed-core-10.1.44.jar:10.1.44]
	at org.apache.catalina.core.StandardHostValve.invoke(StandardHostValve.java:116) ~[tomcat-embed-core-10.1.44.jar:10.1.44]
	at org.apache.catalina.valves.ErrorReportValve.invoke(ErrorReportValve.java:93) ~[tomcat-embed-core-10.1.44.jar:10.1.44]
	at org.apache.catalina.core.StandardEngineValve.invoke(StandardEngineValve.java:74) ~[tomcat-embed-core-10.1.44.jar:10.1.44]
	at org.apache.catalina.connector.CoyoteAdapter.service(CoyoteAdapter.java:344) ~[tomcat-embed-core-10.1.44.jar:10.1.44]
	at org.apache.coyote.http11.Http11Processor.service(Http11Processor.java:398) ~[tomcat-embed-core-10.1.44.jar:10.1.44]
	at org.apache.coyote.AbstractProcessorLight.process(AbstractProcessorLight.java:63) ~[tomcat-embed-core-10.1.44.jar:10.1.44]
	at org.apache.coyote.AbstractProtocol$ConnectionHandler.process(AbstractProtocol.java:903) ~[tomcat-embed-core-10.1.44.jar:10.1.44]
	at org.apache.tomcat.util.net.NioEndpoint$SocketProcessor.doRun(NioEndpoint.java:1769) ~[tomcat-embed-core-10.1.44.jar:10.1.44]
	at org.apache.tomcat.util.net.SocketProcessorBase.run(SocketProcessorBase.java:52) ~[tomcat-embed-core-10.1.44.jar:10.1.44]
	at org.apache.tomcat.util.threads.ThreadPoolExecutor.runWorker(ThreadPoolExecutor.java:1189) ~[tomcat-embed-core-10.1.44.jar:10.1.44]
	at org.apache.tomcat.util.threads.ThreadPoolExecutor$Worker.run(ThreadPoolExecutor.java:658) ~[tomcat-embed-core-10.1.44.jar:10.1.44]
	at org.apache.tomcat.util.threads.TaskThread$WrappingRunnable.run(TaskThread.java:63) ~[tomcat-embed-core-10.1.44.jar:10.1.44]
	at java.base/java.lang.Thread.run(Thread.java:1583) ~[na:na]

2025-11-18T18:57:20.049-03:00 ERROR 18208 --- [tasklist] [http-nio-auto-1-exec-1] o.a.c.c.C.[.[.[/].[dispatcherServlet]    : Servlet.service() for servlet [dispatcherServlet] in context with path [] threw exception [Handler dispatch failed: java.lang.NoSuchMethodError: 'void org.springframework.web.method.ControllerAdviceBean.<init>(java.lang.Object)'] with root cause

java.lang.NoSuchMethodError: 'void org.springframework.web.method.ControllerAdviceBean.<init>(java.lang.Object)'
	at org.springdoc.core.service.GenericResponseService.lambda$getGenericMapResponse$8(GenericResponseService.java:690) ~[springdoc-openapi-starter-common-2.0.4.jar:2.0.4]
	at java.base/java.util.stream.ReferencePipeline$2$1.accept(ReferencePipeline.java:178) ~[na:na]
	at java.base/java.util.ArrayList$ArrayListSpliterator.forEachRemaining(ArrayList.java:1708) ~[na:na]
	at java.base/java.util.stream.AbstractPipeline.copyInto(AbstractPipeline.java:509) ~[na:na]
	at java.base/java.util.stream.AbstractPipeline.wrapAndCopyInto(AbstractPipeline.java:499) ~[na:na]
	at java.base/java.util.stream.AbstractPipeline.evaluate(AbstractPipeline.java:575) ~[na:na]
	at java.base/java.util.stream.AbstractPipeline.evaluateToArrayNode(AbstractPipeline.java:260) ~[na:na]
	at java.base/java.util.stream.ReferencePipeline.toArray(ReferencePipeline.java:616) ~[na:na]
	at java.base/java.util.stream.ReferencePipeline.toArray(ReferencePipeline.java:622) ~[na:na]
	at java.base/java.util.stream.ReferencePipeline.toList(ReferencePipeline.java:627) ~[na:na]
	at org.springdoc.core.service.GenericResponseService.getGenericMapResponse(GenericResponseService.java:692) ~[springdoc-openapi-starter-common-2.0.4.jar:2.0.4]
	at org.springdoc.core.service.GenericResponseService.build(GenericResponseService.java:235) ~[springdoc-openapi-starter-common-2.0.4.jar:2.0.4]
	at org.springdoc.api.AbstractOpenApiResource.calculatePath(AbstractOpenApiResource.java:475) ~[springdoc-openapi-starter-common-2.0.4.jar:2.0.4]
	at org.springdoc.api.AbstractOpenApiResource.calculatePath(AbstractOpenApiResource.java:652) ~[springdoc-openapi-starter-common-2.0.4.jar:2.0.4]
	at org.springdoc.webmvc.api.OpenApiResource.lambda$calculatePath$11(OpenApiResource.java:219) ~[springdoc-openapi-starter-webmvc-api-2.0.4.jar:2.0.4]
	at java.base/java.util.Optional.ifPresent(Optional.java:178) ~[na:na]
	at org.springdoc.webmvc.api.OpenApiResource.calculatePath(OpenApiResource.java:200) ~[springdoc-openapi-starter-webmvc-api-2.0.4.jar:2.0.4]
	at org.springdoc.webmvc.api.OpenApiResource.lambda$getPaths$2(OpenApiResource.java:170) ~[springdoc-openapi-starter-webmvc-api-2.0.4.jar:2.0.4]
	at java.base/java.util.Optional.ifPresent(Optional.java:178) ~[na:na]
	at org.springdoc.webmvc.api.OpenApiResource.getPaths(OpenApiResource.java:149) ~[springdoc-openapi-starter-webmvc-api-2.0.4.jar:2.0.4]
	at org.springdoc.api.AbstractOpenApiResource.getOpenApi(AbstractOpenApiResource.java:334) ~[springdoc-openapi-starter-common-2.0.4.jar:2.0.4]
	at org.springdoc.webmvc.api.OpenApiResource.openapiJson(OpenApiResource.java:124) ~[springdoc-openapi-starter-webmvc-api-2.0.4.jar:2.0.4]
	at org.springdoc.webmvc.api.OpenApiWebMvcResource.openapiJson(OpenApiWebMvcResource.java:111) ~[springdoc-openapi-starter-webmvc-api-2.0.4.jar:2.0.4]
	at java.base/jdk.internal.reflect.DirectMethodHandleAccessor.invoke(DirectMethodHandleAccessor.java:103) ~[na:na]
	at java.base/java.lang.reflect.Method.invoke(Method.java:580) ~[na:na]
	at org.springframework.web.method.support.InvocableHandlerMethod.doInvoke(InvocableHandlerMethod.java:258) ~[spring-web-6.2.10.jar:6.2.10]
	at org.springframework.web.method.support.InvocableHandlerMethod.invokeForRequest(InvocableHandlerMethod.java:191) ~[spring-web-6.2.10.jar:6.2.10]
	at org.springframework.web.servlet.mvc.method.annotation.ServletInvocableHandlerMethod.invokeAndHandle(ServletInvocableHandlerMethod.java:118) ~[spring-webmvc-6.2.10.jar:6.2.10]
	at org.springframework.web.servlet.mvc.method.annotation.RequestMappingHandlerAdapter.invokeHandlerMethod(RequestMappingHandlerAdapter.java:991) ~[spring-webmvc-6.2.10.jar:6.2.10]
	at org.springframework.web.servlet.mvc.method.annotation.RequestMappingHandlerAdapter.handleInternal(RequestMappingHandlerAdapter.java:896) ~[spring-webmvc-6.2.10.jar:6.2.10]
	at org.springframework.web.servlet.mvc.method.AbstractHandlerMethodAdapter.handle(AbstractHandlerMethodAdapter.java:87) ~[spring-webmvc-6.2.10.jar:6.2.10]
	at org.springframework.web.servlet.DispatcherServlet.doDispatch(DispatcherServlet.java:1089) ~[spring-webmvc-6.2.10.jar:6.2.10]
	at org.springframework.web.servlet.DispatcherServlet.doService(DispatcherServlet.java:979) ~[spring-webmvc-6.2.10.jar:6.2.10]
	at org.springframework.web.servlet.FrameworkServlet.processRequest(FrameworkServlet.java:1014) ~[spring-webmvc-6.2.10.jar:6.2.10]
	at org.springframework.web.servlet.FrameworkServlet.doGet(FrameworkServlet.java:903) ~[spring-webmvc-6.2.10.jar:6.2.10]
	at jakarta.servlet.http.HttpServlet.service(HttpServlet.java:564) ~[tomcat-embed-core-10.1.44.jar:6.0]
	at org.springframework.web.servlet.FrameworkServlet.service(FrameworkServlet.java:885) ~[spring-webmvc-6.2.10.jar:6.2.10]
	at jakarta.servlet.http.HttpServlet.service(HttpServlet.java:658) ~[tomcat-embed-core-10.1.44.jar:6.0]
	at org.apache.catalina.core.ApplicationFilterChain.internalDoFilter(ApplicationFilterChain.java:195) ~[tomcat-embed-core-10.1.44.jar:10.1.44]
	at org.apache.catalina.core.ApplicationFilterChain.doFilter(ApplicationFilterChain.java:140) ~[tomcat-embed-core-10.1.44.jar:10.1.44]
	at org.apache.tomcat.websocket.server.WsFilter.doFilter(WsFilter.java:51) ~[tomcat-embed-websocket-10.1.44.jar:10.1.44]
	at org.apache.catalina.core.ApplicationFilterChain.internalDoFilter(ApplicationFilterChain.java:164) ~[tomcat-embed-core-10.1.44.jar:10.1.44]
	at org.apache.catalina.core.ApplicationFilterChain.doFilter(ApplicationFilterChain.java:140) ~[tomcat-embed-core-10.1.44.jar:10.1.44]
	at org.springframework.web.filter.RequestContextFilter.doFilterInternal(RequestContextFilter.java:100) ~[spring-web-6.2.10.jar:6.2.10]
	at org.springframework.web.filter.OncePerRequestFilter.doFilter(OncePerRequestFilter.java:116) ~[spring-web-6.2.10.jar:6.2.10]
	at org.apache.catalina.core.ApplicationFilterChain.internalDoFilter(ApplicationFilterChain.java:164) ~[tomcat-embed-core-10.1.44.jar:10.1.44]
	at org.apache.catalina.core.ApplicationFilterChain.doFilter(ApplicationFilterChain.java:140) ~[tomcat-embed-core-10.1.44.jar:10.1.44]
	at org.springframework.web.filter.FormContentFilter.doFilterInternal(FormContentFilter.java:93) ~[spring-web-6.2.10.jar:6.2.10]
	at org.springframework.web.filter.OncePerRequestFilter.doFilter(OncePerRequestFilter.java:116) ~[spring-web-6.2.10.jar:6.2.10]
	at org.apache.catalina.core.ApplicationFilterChain.internalDoFilter(ApplicationFilterChain.java:164) ~[tomcat-embed-core-10.1.44.jar:10.1.44]
	at org.apache.catalina.core.ApplicationFilterChain.doFilter(ApplicationFilterChain.java:140) ~[tomcat-embed-core-10.1.44.jar:10.1.44]
	at org.springframework.web.filter.ServerHttpObservationFilter.doFilterInternal(ServerHttpObservationFilter.java:110) ~[spring-web-6.2.10.jar:6.2.10]
	at org.springframework.web.filter.OncePerRequestFilter.doFilter(OncePerRequestFilter.java:116) ~[spring-web-6.2.10.jar:6.2.10]
	at org.apache.catalina.core.ApplicationFilterChain.internalDoFilter(ApplicationFilterChain.java:164) ~[tomcat-embed-core-10.1.44.jar:10.1.44]
	at org.apache.catalina.core.ApplicationFilterChain.doFilter(ApplicationFilterChain.java:140) ~[tomcat-embed-core-10.1.44.jar:10.1.44]
	at org.springframework.web.filter.CharacterEncodingFilter.doFilterInternal(CharacterEncodingFilter.java:201) ~[spring-web-6.2.10.jar:6.2.10]
	at org.springframework.web.filter.OncePerRequestFilter.doFilter(OncePerRequestFilter.java:116) ~[spring-web-6.2.10.jar:6.2.10]
	at org.apache.catalina.core.ApplicationFilterChain.internalDoFilter(ApplicationFilterChain.java:164) ~[tomcat-embed-core-10.1.44.jar:10.1.44]
	at org.apache.catalina.core.ApplicationFilterChain.doFilter(ApplicationFilterChain.java:140) ~[tomcat-embed-core-10.1.44.jar:10.1.44]
	at org.springframework.web.filter.OncePerRequestFilter.doFilter(OncePerRequestFilter.java:101) ~[spring-web-6.2.10.jar:6.2.10]
	at org.apache.catalina.core.ApplicationFilterChain.internalDoFilter(ApplicationFilterChain.java:164) ~[tomcat-embed-core-10.1.44.jar:10.1.44]
	at org.apache.catalina.core.ApplicationFilterChain.doFilter(ApplicationFilterChain.java:140) ~[tomcat-embed-core-10.1.44.jar:10.1.44]
	at org.apache.catalina.core.StandardWrapperValve.invoke(StandardWrapperValve.java:167) ~[tomcat-embed-core-10.1.44.jar:10.1.44]
	at org.apache.catalina.core.StandardContextValve.invoke(StandardContextValve.java:90) ~[tomcat-embed-core-10.1.44.jar:10.1.44]
	at org.apache.catalina.authenticator.AuthenticatorBase.invoke(AuthenticatorBase.java:483) ~[tomcat-embed-core-10.1.44.jar:10.1.44]
	at org.apache.catalina.core.StandardHostValve.invoke(StandardHostValve.java:116) ~[tomcat-embed-core-10.1.44.jar:10.1.44]
	at org.apache.catalina.valves.ErrorReportValve.invoke(ErrorReportValve.java:93) ~[tomcat-embed-core-10.1.44.jar:10.1.44]
	at org.apache.catalina.core.StandardEngineValve.invoke(StandardEngineValve.java:74) ~[tomcat-embed-core-10.1.44.jar:10.1.44]
	at org.apache.catalina.connector.CoyoteAdapter.service(CoyoteAdapter.java:344) ~[tomcat-embed-core-10.1.44.jar:10.1.44]
	at org.apache.coyote.http11.Http11Processor.service(Http11Processor.java:398) ~[tomcat-embed-core-10.1.44.jar:10.1.44]
	at org.apache.coyote.AbstractProcessorLight.process(AbstractProcessorLight.java:63) ~[tomcat-embed-core-10.1.44.jar:10.1.44]
	at org.apache.coyote.AbstractProtocol$ConnectionHandler.process(AbstractProtocol.java:903) ~[tomcat-embed-core-10.1.44.jar:10.1.44]
	at org.apache.tomcat.util.net.NioEndpoint$SocketProcessor.doRun(NioEndpoint.java:1769) ~[tomcat-embed-core-10.1.44.jar:10.1.44]
	at org.apache.tomcat.util.net.SocketProcessorBase.run(SocketProcessorBase.java:52) ~[tomcat-embed-core-10.1.44.jar:10.1.44]
	at org.apache.tomcat.util.threads.ThreadPoolExecutor.runWorker(ThreadPoolExecutor.java:1189) ~[tomcat-embed-core-10.1.44.jar:10.1.44]
	at org.apache.tomcat.util.threads.ThreadPoolExecutor$Worker.run(ThreadPoolExecutor.java:658) ~[tomcat-embed-core-10.1.44.jar:10.1.44]
	at org.apache.tomcat.util.threads.TaskThread$WrappingRunnable.run(TaskThread.java:63) ~[tomcat-embed-core-10.1.44.jar:10.1.44]
	at java.base/java.lang.Thread.run(Thread.java:1583) ~[na:na]

2025-11-18T19:11:05.313-03:00  INFO 18208 --- [tasklist] [SpringApplicationShutdownHook] o.s.b.w.e.tomcat.GracefulShutdown        : Commencing graceful shutdown. Waiting for active requests to complete
2025-11-18T19:11:06.001-03:00  INFO 18208 --- [tasklist] [tomcat-shutdown] o.s.b.w.e.tomcat.GracefulShutdown        : Graceful shutdown complete
2025-11-18T19:11:07.912-03:00  INFO 18208 --- [tasklist] [SpringApplicationShutdownHook] j.LocalContainerEntityManagerFactoryBean : Closing JPA EntityManagerFactory for persistence unit 'default'
2025-11-18T19:11:08.701-03:00  INFO 18208 --- [tasklist] [SpringApplicationShutdownHook] com.zaxxer.hikari.HikariDataSource       : HikariPool-1 - Shutdown initiated...
2025-11-18T19:11:08.884-03:00  INFO 18208 --- [tasklist] [SpringApplicationShutdownHook] com.zaxxer.hikari.HikariDataSource       : HikariPool-1 - Shutdown completed.
2025-11-18T19:12:27.824-03:00  INFO 35476 --- [tasklist] [main] br.com.jtech.tasklist.StartTasklist      : Starting StartTasklist v1.0.0-SNAPSHOT using Java 21.0.4 with PID 35476 (C:\Users\Gustavo\Documents\fullstack2\jtech-tasklist-backend\build\classes\java\main started by Gustavo in C:\Users\Gustavo\Documents\fullstack2)
2025-11-18T19:12:27.825-03:00 DEBUG 35476 --- [tasklist] [main] br.com.jtech.tasklist.StartTasklist      : Running with Spring Boot v3.5.5, Spring v6.2.10
2025-11-18T19:12:27.826-03:00  INFO 35476 --- [tasklist] [main] br.com.jtech.tasklist.StartTasklist      : The following 1 profile is active: "dev"
2025-11-18T19:12:29.058-03:00  INFO 35476 --- [tasklist] [main] .s.d.r.c.RepositoryConfigurationDelegate : Bootstrapping Spring Data JPA repositories in DEFAULT mode.
2025-11-18T19:12:29.146-03:00  INFO 35476 --- [tasklist] [main] .s.d.r.c.RepositoryConfigurationDelegate : Finished Spring Data repository scanning in 79 ms. Found 3 JPA repository interfaces.
2025-11-18T19:12:29.743-03:00  INFO 35476 --- [tasklist] [main] o.s.b.w.embedded.tomcat.TomcatWebServer  : Tomcat initialized with port 0 (http)
2025-11-18T19:12:29.759-03:00  INFO 35476 --- [tasklist] [main] o.apache.catalina.core.StandardService   : Starting service [Tomcat]
2025-11-18T19:12:29.759-03:00  INFO 35476 --- [tasklist] [main] o.apache.catalina.core.StandardEngine    : Starting Servlet engine: [Apache Tomcat/10.1.44]
2025-11-18T19:12:29.837-03:00  INFO 35476 --- [tasklist] [main] o.a.c.c.C.[Tomcat].[localhost].[/]       : Initializing Spring embedded WebApplicationContext
2025-11-18T19:12:29.838-03:00  INFO 35476 --- [tasklist] [main] w.s.c.ServletWebServerApplicationContext : Root WebApplicationContext: initialization completed in 1974 ms
2025-11-18T19:12:30.179-03:00  INFO 35476 --- [tasklist] [main] com.zaxxer.hikari.HikariDataSource       : HikariPool-1 - Starting...
2025-11-18T19:12:30.374-03:00  INFO 35476 --- [tasklist] [main] com.zaxxer.hikari.pool.HikariPool        : HikariPool-1 - Added connection org.postgresql.jdbc.PgConnection@77476fcf
2025-11-18T19:12:30.376-03:00  INFO 35476 --- [tasklist] [main] com.zaxxer.hikari.HikariDataSource       : HikariPool-1 - Start completed.
2025-11-18T19:12:30.405-03:00  INFO 35476 --- [tasklist] [main] org.flywaydb.core.FlywayExecutor         : Database: jdbc:postgresql://localhost:5432/sansys_database (PostgreSQL 15.15)
2025-11-18T19:12:30.457-03:00  INFO 35476 --- [tasklist] [main] o.f.core.internal.command.DbValidate     : Successfully validated 2 migrations (execution time 00:00.028s)
2025-11-18T19:12:30.504-03:00  INFO 35476 --- [tasklist] [main] o.f.core.internal.command.DbMigrate      : Current version of schema "public": 1
2025-11-18T19:12:30.518-03:00  INFO 35476 --- [tasklist] [main] o.f.core.internal.command.DbMigrate      : Migrating schema "public" to version "2 - add users and user relations"
2025-11-18T19:12:30.573-03:00  INFO 35476 --- [tasklist] [main] o.f.core.internal.command.DbMigrate      : Successfully applied 1 migration to schema "public", now at version v2 (execution time 00:00.038s)
2025-11-18T19:12:30.691-03:00  INFO 35476 --- [tasklist] [main] o.hibernate.jpa.internal.util.LogHelper  : HHH000204: Processing PersistenceUnitInfo [name: default]
2025-11-18T19:12:30.786-03:00  INFO 35476 --- [tasklist] [main] org.hibernate.Version                    : HHH000412: Hibernate ORM core version 6.6.26.Final
2025-11-18T19:12:30.859-03:00  INFO 35476 --- [tasklist] [main] o.h.c.internal.RegionFactoryInitiator    : HHH000026: Second-level cache disabled
2025-11-18T19:12:31.253-03:00  INFO 35476 --- [tasklist] [main] o.s.o.j.p.SpringPersistenceUnitInfo      : No LoadTimeWeaver setup: ignoring JPA class transformer
2025-11-18T19:12:31.322-03:00  WARN 35476 --- [tasklist] [main] org.hibernate.orm.deprecation            : HHH90000025: PostgreSQLDialect does not need to be specified explicitly using 'hibernate.dialect' (remove the property setting and it will be selected by default)
2025-11-18T19:12:31.343-03:00  INFO 35476 --- [tasklist] [main] org.hibernate.orm.connections.pooling    : HHH10001005: Database info:
	Database JDBC URL [Connecting through datasource 'HikariDataSource (HikariPool-1)']
	Database driver: undefined/unknown
	Database version: 15.15
	Autocommit mode: undefined/unknown
	Isolation level: undefined/unknown
	Minimum pool size: undefined/unknown
	Maximum pool size: undefined/unknown
2025-11-18T19:12:32.476-03:00  INFO 35476 --- [tasklist] [main] o.h.e.t.j.p.i.JtaPlatformInitiator       : HHH000489: No JTA platform available (set 'hibernate.transaction.jta.platform' to enable JTA platform integration)
2025-11-18T19:12:32.479-03:00  INFO 35476 --- [tasklist] [main] j.LocalContainerEntityManagerFactoryBean : Initialized JPA EntityManagerFactory for persistence unit 'default'
2025-11-18T19:12:32.772-03:00 DEBUG 35476 --- [tasklist] [main] b.c.j.t.c.i.s.JwtAuthenticationFilter    : Filter 'jwtAuthenticationFilter' configured for use
2025-11-18T19:12:32.847-03:00  INFO 35476 --- [tasklist] [main] o.s.d.j.r.query.QueryEnhancerFactory     : Hibernate is in classpath; If applicable, HQL parser will be used.
2025-11-18T19:12:33.478-03:00  WARN 35476 --- [tasklist] [main] JpaBaseConfiguration$JpaWebConfiguration : spring.jpa.open-in-view is enabled by default. Therefore, database queries may be performed during view rendering. Explicitly configure spring.jpa.open-in-view to disable this warning
2025-11-18T19:12:33.785-03:00  INFO 35476 --- [tasklist] [main] o.s.b.a.e.web.EndpointLinksResolver      : Exposing 15 endpoints beneath base path '/actuator'
2025-11-18T19:12:33.825-03:00  WARN 35476 --- [tasklist] [main] .s.s.UserDetailsServiceAutoConfiguration : 

Using generated security password: 1e08046d-3c2f-49b5-927d-3cc2cb1694be

This generated password is for development use only. Your security configuration must be updated before running your application in production.

2025-11-18T19:12:33.834-03:00  INFO 35476 --- [tasklist] [main] r$InitializeUserDetailsManagerConfigurer : Global AuthenticationManager configured with UserDetailsService bean with name inMemoryUserDetailsManager
2025-11-18T19:12:34.334-03:00  INFO 35476 --- [tasklist] [main] o.s.b.w.embedded.tomcat.TomcatWebServer  : Tomcat started on port 58269 (http) with context path '/'
2025-11-18T19:12:34.350-03:00  INFO 35476 --- [tasklist] [main] br.com.jtech.tasklist.StartTasklist      : Started StartTasklist in 7.042 seconds (process running for 7.691)
2025-11-18T19:12:34.357-03:00  INFO 35476 --- [tasklist] [main] b.c.j.t.c.i.l.ReadyEventListener         : >>> Connector Ready
2025-11-18T19:12:34.357-03:00  INFO 35476 --- [tasklist] [main] b.c.j.t.c.i.l.ReadyEventListener         : ======================================================
2025-11-18T19:12:34.357-03:00  INFO 35476 --- [tasklist] [main] b.c.j.t.c.i.l.ReadyEventListener         : == Execute mode:.....................'LOCAL'
2025-11-18T19:12:34.357-03:00  INFO 35476 --- [tasklist] [main] b.c.j.t.c.i.l.ReadyEventListener         : ======================================================
2025-11-18T19:12:34.357-03:00  WARN 35476 --- [tasklist] [main] o.s.core.events.SpringDocAppInitializer  : SpringDoc /doc/tasklist/v3/api-documents endpoint is enabled by default. To disable it in production, set the property 'springdoc.api-docs.enabled=false'
2025-11-18T19:12:34.357-03:00  WARN 35476 --- [tasklist] [main] o.s.core.events.SpringDocAppInitializer  : SpringDoc /doc/tasklist/v1/api.html endpoint is enabled by default. To disable it in production, set the property 'springdoc.swagger-ui.enabled=false'
2025-11-18T19:12:34.793-03:00  INFO 35476 --- [tasklist] [RMI TCP Connection(2)-192.168.0.170] o.a.c.c.C.[Tomcat].[localhost].[/]       : Initializing Spring DispatcherServlet 'dispatcherServlet'
2025-11-18T19:12:34.794-03:00  INFO 35476 --- [tasklist] [RMI TCP Connection(2)-192.168.0.170] o.s.web.servlet.DispatcherServlet        : Initializing Servlet 'dispatcherServlet'
2025-11-18T19:12:34.796-03:00  INFO 35476 --- [tasklist] [RMI TCP Connection(2)-192.168.0.170] o.s.web.servlet.DispatcherServlet        : Completed initialization in 2 ms
2025-11-18T19:14:30.458-03:00  INFO 35476 --- [tasklist] [http-nio-auto-1-exec-9] o.springdoc.api.AbstractOpenApiResource  : Init duration for springdoc-openapi is: 277 ms
2025-11-18T19:18:59.748-03:00  INFO 35476 --- [tasklist] [SpringApplicationShutdownHook] o.s.b.w.e.tomcat.GracefulShutdown        : Commencing graceful shutdown. Waiting for active requests to complete
2025-11-18T19:18:59.754-03:00  INFO 35476 --- [tasklist] [tomcat-shutdown] o.s.b.w.e.tomcat.GracefulShutdown        : Graceful shutdown complete
2025-11-18T19:18:59.762-03:00  INFO 35476 --- [tasklist] [SpringApplicationShutdownHook] j.LocalContainerEntityManagerFactoryBean : Closing JPA EntityManagerFactory for persistence unit 'default'
2025-11-18T19:18:59.765-03:00  INFO 35476 --- [tasklist] [SpringApplicationShutdownHook] com.zaxxer.hikari.HikariDataSource       : HikariPool-1 - Shutdown initiated...
2025-11-18T19:18:59.768-03:00  INFO 35476 --- [tasklist] [SpringApplicationShutdownHook] com.zaxxer.hikari.HikariDataSource       : HikariPool-1 - Shutdown completed.
2025-11-18T19:19:54.535-03:00  INFO 34224 --- [tasklist] [main] br.com.jtech.tasklist.StartTasklist      : Starting StartTasklist v1.0.0-SNAPSHOT using Java 21.0.4 with PID 34224 (C:\Users\Gustavo\Documents\fullstack2\jtech-tasklist-backend\build\classes\java\main started by Gustavo in C:\Users\Gustavo\Documents\fullstack2)
2025-11-18T19:19:54.537-03:00 DEBUG 34224 --- [tasklist] [main] br.com.jtech.tasklist.StartTasklist      : Running with Spring Boot v3.5.5, Spring v6.2.10
2025-11-18T19:19:54.538-03:00  INFO 34224 --- [tasklist] [main] br.com.jtech.tasklist.StartTasklist      : The following 1 profile is active: "dev"
2025-11-18T19:19:57.434-03:00  INFO 34224 --- [tasklist] [main] .s.d.r.c.RepositoryConfigurationDelegate : Bootstrapping Spring Data JPA repositories in DEFAULT mode.
2025-11-18T19:19:57.535-03:00  INFO 34224 --- [tasklist] [main] .s.d.r.c.RepositoryConfigurationDelegate : Finished Spring Data repository scanning in 85 ms. Found 3 JPA repository interfaces.
2025-11-18T19:19:58.168-03:00  INFO 34224 --- [tasklist] [main] o.s.b.w.embedded.tomcat.TomcatWebServer  : Tomcat initialized with port 8080 (http)
2025-11-18T19:19:58.183-03:00  INFO 34224 --- [tasklist] [main] o.apache.catalina.core.StandardService   : Starting service [Tomcat]
2025-11-18T19:19:58.184-03:00  INFO 34224 --- [tasklist] [main] o.apache.catalina.core.StandardEngine    : Starting Servlet engine: [Apache Tomcat/10.1.44]
2025-11-18T19:19:58.250-03:00  INFO 34224 --- [tasklist] [main] o.a.c.c.C.[Tomcat].[localhost].[/]       : Initializing Spring embedded WebApplicationContext
2025-11-18T19:19:58.250-03:00  INFO 34224 --- [tasklist] [main] w.s.c.ServletWebServerApplicationContext : Root WebApplicationContext: initialization completed in 3568 ms
2025-11-18T19:19:58.638-03:00  INFO 34224 --- [tasklist] [main] com.zaxxer.hikari.HikariDataSource       : HikariPool-1 - Starting...
2025-11-18T19:19:58.841-03:00  INFO 34224 --- [tasklist] [main] com.zaxxer.hikari.pool.HikariPool        : HikariPool-1 - Added connection org.postgresql.jdbc.PgConnection@1dd76982
2025-11-18T19:19:58.842-03:00  INFO 34224 --- [tasklist] [main] com.zaxxer.hikari.HikariDataSource       : HikariPool-1 - Start completed.
2025-11-18T19:19:58.870-03:00  INFO 34224 --- [tasklist] [main] org.flywaydb.core.FlywayExecutor         : Database: jdbc:postgresql://localhost:5432/sansys_database (PostgreSQL 15.15)
2025-11-18T19:19:58.919-03:00  INFO 34224 --- [tasklist] [main] o.f.core.internal.command.DbValidate     : Successfully validated 2 migrations (execution time 00:00.027s)
2025-11-18T19:19:58.957-03:00  INFO 34224 --- [tasklist] [main] o.f.core.internal.command.DbMigrate      : Current version of schema "public": 2
2025-11-18T19:19:58.961-03:00  INFO 34224 --- [tasklist] [main] o.f.core.internal.command.DbMigrate      : Schema "public" is up to date. No migration necessary.
2025-11-18T19:19:59.072-03:00  INFO 34224 --- [tasklist] [main] o.hibernate.jpa.internal.util.LogHelper  : HHH000204: Processing PersistenceUnitInfo [name: default]
2025-11-18T19:19:59.176-03:00  INFO 34224 --- [tasklist] [main] org.hibernate.Version                    : HHH000412: Hibernate ORM core version 6.6.26.Final
2025-11-18T19:19:59.234-03:00  INFO 34224 --- [tasklist] [main] o.h.c.internal.RegionFactoryInitiator    : HHH000026: Second-level cache disabled
2025-11-18T19:19:59.987-03:00  INFO 34224 --- [tasklist] [main] o.s.o.j.p.SpringPersistenceUnitInfo      : No LoadTimeWeaver setup: ignoring JPA class transformer
2025-11-18T19:20:00.299-03:00  WARN 34224 --- [tasklist] [main] org.hibernate.orm.deprecation            : HHH90000025: PostgreSQLDialect does not need to be specified explicitly using 'hibernate.dialect' (remove the property setting and it will be selected by default)
2025-11-18T19:20:00.355-03:00  INFO 34224 --- [tasklist] [main] org.hibernate.orm.connections.pooling    : HHH10001005: Database info:
	Database JDBC URL [Connecting through datasource 'HikariDataSource (HikariPool-1)']
	Database driver: undefined/unknown
	Database version: 15.15
	Autocommit mode: undefined/unknown
	Isolation level: undefined/unknown
	Minimum pool size: undefined/unknown
	Maximum pool size: undefined/unknown
2025-11-18T19:20:01.843-03:00  INFO 34224 --- [tasklist] [main] o.h.e.t.j.p.i.JtaPlatformInitiator       : HHH000489: No JTA platform available (set 'hibernate.transaction.jta.platform' to enable JTA platform integration)
2025-11-18T19:20:01.847-03:00  INFO 34224 --- [tasklist] [main] j.LocalContainerEntityManagerFactoryBean : Initialized JPA EntityManagerFactory for persistence unit 'default'
2025-11-18T19:20:02.278-03:00 DEBUG 34224 --- [tasklist] [main] b.c.j.t.c.i.s.JwtAuthenticationFilter    : Filter 'jwtAuthenticationFilter' configured for use
2025-11-18T19:20:02.354-03:00  INFO 34224 --- [tasklist] [main] o.s.d.j.r.query.QueryEnhancerFactory     : Hibernate is in classpath; If applicable, HQL parser will be used.
2025-11-18T19:20:02.985-03:00  WARN 34224 --- [tasklist] [main] JpaBaseConfiguration$JpaWebConfiguration : spring.jpa.open-in-view is enabled by default. Therefore, database queries may be performed during view rendering. Explicitly configure spring.jpa.open-in-view to disable this warning
2025-11-18T19:20:03.339-03:00  INFO 34224 --- [tasklist] [main] o.s.b.a.e.web.EndpointLinksResolver      : Exposing 15 endpoints beneath base path '/actuator'
2025-11-18T19:20:03.390-03:00  WARN 34224 --- [tasklist] [main] .s.s.UserDetailsServiceAutoConfiguration : 

Using generated security password: 9098babb-3e81-4a37-8720-2f2210871b7e

This generated password is for development use only. Your security configuration must be updated before running your application in production.

2025-11-18T19:20:03.400-03:00  INFO 34224 --- [tasklist] [main] r$InitializeUserDetailsManagerConfigurer : Global AuthenticationManager configured with UserDetailsService bean with name inMemoryUserDetailsManager
2025-11-18T19:20:04.210-03:00  INFO 34224 --- [tasklist] [main] o.s.b.w.embedded.tomcat.TomcatWebServer  : Tomcat started on port 8080 (http) with context path '/'
2025-11-18T19:20:04.224-03:00  INFO 34224 --- [tasklist] [main] br.com.jtech.tasklist.StartTasklist      : Started StartTasklist in 10.669 seconds (process running for 11.838)
2025-11-18T19:20:04.231-03:00  INFO 34224 --- [tasklist] [main] b.c.j.t.c.i.l.ReadyEventListener         : >>> Connector Ready
2025-11-18T19:20:04.231-03:00  INFO 34224 --- [tasklist] [main] b.c.j.t.c.i.l.ReadyEventListener         : ======================================================
2025-11-18T19:20:04.231-03:00  INFO 34224 --- [tasklist] [main] b.c.j.t.c.i.l.ReadyEventListener         : == Execute mode:.....................'LOCAL'
2025-11-18T19:20:04.231-03:00  INFO 34224 --- [tasklist] [main] b.c.j.t.c.i.l.ReadyEventListener         : ======================================================
2025-11-18T19:20:04.231-03:00  WARN 34224 --- [tasklist] [main] o.s.core.events.SpringDocAppInitializer  : SpringDoc /doc/tasklist/v3/api-documents endpoint is enabled by default. To disable it in production, set the property 'springdoc.api-docs.enabled=false'
2025-11-18T19:20:04.231-03:00  WARN 34224 --- [tasklist] [main] o.s.core.events.SpringDocAppInitializer  : SpringDoc /doc/tasklist/v1/api.html endpoint is enabled by default. To disable it in production, set the property 'springdoc.swagger-ui.enabled=false'
2025-11-18T19:20:20.452-03:00  INFO 34224 --- [tasklist] [http-nio-8080-exec-1] o.a.c.c.C.[Tomcat].[localhost].[/]       : Initializing Spring DispatcherServlet 'dispatcherServlet'
2025-11-18T19:20:20.453-03:00  INFO 34224 --- [tasklist] [http-nio-8080-exec-1] o.s.web.servlet.DispatcherServlet        : Initializing Servlet 'dispatcherServlet'
2025-11-18T19:20:20.454-03:00  INFO 34224 --- [tasklist] [http-nio-8080-exec-1] o.s.web.servlet.DispatcherServlet        : Completed initialization in 1 ms
2025-11-18T19:20:20.704-03:00 ERROR 34224 --- [tasklist] [http-nio-8080-exec-2] o.a.c.c.C.[.[.[/].[dispatcherServlet]    : Servlet.service() for servlet [dispatcherServlet] in context with path [] threw exception [Request processing failed: java.lang.RuntimeException: Invalid credentials] with root cause

java.lang.RuntimeException: Invalid credentials
	at br.com.jtech.tasklist.application.core.usecases.AuthenticateUserUseCase.lambda$exec$0(AuthenticateUserUseCase.java:32) ~[main/:na]
	at java.base/java.util.Optional.orElseThrow(Optional.java:403) ~[na:na]
	at br.com.jtech.tasklist.application.core.usecases.AuthenticateUserUseCase.exec(AuthenticateUserUseCase.java:32) ~[main/:na]
	at br.com.jtech.tasklist.adapters.input.controllers.user.AuthenticateUserController.login(AuthenticateUserController.java:33) ~[main/:na]
	at java.base/jdk.internal.reflect.DirectMethodHandleAccessor.invoke(DirectMethodHandleAccessor.java:103) ~[na:na]
	at java.base/java.lang.reflect.Method.invoke(Method.java:580) ~[na:na]
	at org.springframework.web.method.support.InvocableHandlerMethod.doInvoke(InvocableHandlerMethod.java:258) ~[spring-web-6.2.10.jar:6.2.10]
	at org.springframework.web.method.support.InvocableHandlerMethod.invokeForRequest(InvocableHandlerMethod.java:191) ~[spring-web-6.2.10.jar:6.2.10]
	at org.springframework.web.servlet.mvc.method.annotation.ServletInvocableHandlerMethod.invokeAndHandle(ServletInvocableHandlerMethod.java:118) ~[spring-webmvc-6.2.10.jar:6.2.10]
	at org.springframework.web.servlet.mvc.method.annotation.RequestMappingHandlerAdapter.invokeHandlerMethod(RequestMappingHandlerAdapter.java:991) ~[spring-webmvc-6.2.10.jar:6.2.10]
	at org.springframework.web.servlet.mvc.method.annotation.RequestMappingHandlerAdapter.handleInternal(RequestMappingHandlerAdapter.java:896) ~[spring-webmvc-6.2.10.jar:6.2.10]
	at org.springframework.web.servlet.mvc.method.AbstractHandlerMethodAdapter.handle(AbstractHandlerMethodAdapter.java:87) ~[spring-webmvc-6.2.10.jar:6.2.10]
	at org.springframework.web.servlet.DispatcherServlet.doDispatch(DispatcherServlet.java:1089) ~[spring-webmvc-6.2.10.jar:6.2.10]
	at org.springframework.web.servlet.DispatcherServlet.doService(DispatcherServlet.java:979) ~[spring-webmvc-6.2.10.jar:6.2.10]
	at org.springframework.web.servlet.FrameworkServlet.processRequest(FrameworkServlet.java:1014) ~[spring-webmvc-6.2.10.jar:6.2.10]
	at org.springframework.web.servlet.FrameworkServlet.doPost(FrameworkServlet.java:914) ~[spring-webmvc-6.2.10.jar:6.2.10]
	at jakarta.servlet.http.HttpServlet.service(HttpServlet.java:590) ~[tomcat-embed-core-10.1.44.jar:6.0]
	at org.springframework.web.servlet.FrameworkServlet.service(FrameworkServlet.java:885) ~[spring-webmvc-6.2.10.jar:6.2.10]
	at jakarta.servlet.http.HttpServlet.service(HttpServlet.java:658) ~[tomcat-embed-core-10.1.44.jar:6.0]
	at org.apache.catalina.core.ApplicationFilterChain.internalDoFilter(ApplicationFilterChain.java:195) ~[tomcat-embed-core-10.1.44.jar:10.1.44]
	at org.apache.catalina.core.ApplicationFilterChain.doFilter(ApplicationFilterChain.java:140) ~[tomcat-embed-core-10.1.44.jar:10.1.44]
	at org.apache.tomcat.websocket.server.WsFilter.doFilter(WsFilter.java:51) ~[tomcat-embed-websocket-10.1.44.jar:10.1.44]
	at org.apache.catalina.core.ApplicationFilterChain.internalDoFilter(ApplicationFilterChain.java:164) ~[tomcat-embed-core-10.1.44.jar:10.1.44]
	at org.apache.catalina.core.ApplicationFilterChain.doFilter(ApplicationFilterChain.java:140) ~[tomcat-embed-core-10.1.44.jar:10.1.44]
	at org.springframework.web.filter.OncePerRequestFilter.doFilter(OncePerRequestFilter.java:101) ~[spring-web-6.2.10.jar:6.2.10]
	at org.apache.catalina.core.ApplicationFilterChain.internalDoFilter(ApplicationFilterChain.java:164) ~[tomcat-embed-core-10.1.44.jar:10.1.44]
	at org.apache.catalina.core.ApplicationFilterChain.doFilter(ApplicationFilterChain.java:140) ~[tomcat-embed-core-10.1.44.jar:10.1.44]
	at org.springframework.web.filter.CompositeFilter$VirtualFilterChain.doFilter(CompositeFilter.java:108) ~[spring-web-6.2.10.jar:6.2.10]
	at org.springframework.web.filter.CompositeFilter$VirtualFilterChain.doFilter(CompositeFilter.java:108) ~[spring-web-6.2.10.jar:6.2.10]
	at org.springframework.security.web.FilterChainProxy.lambda$doFilterInternal$3(FilterChainProxy.java:231) ~[spring-security-web-6.5.3.jar:6.5.3]
	at org.springframework.security.web.ObservationFilterChainDecorator$FilterObservation$SimpleFilterObservation.lambda$wrap$1(ObservationFilterChainDecorator.java:479) ~[spring-security-web-6.5.3.jar:6.5.3]
	at org.springframework.security.web.ObservationFilterChainDecorator$AroundFilterObservation$SimpleAroundFilterObservation.lambda$wrap$1(ObservationFilterChainDecorator.java:340) ~[spring-security-web-6.5.3.jar:6.5.3]
	at org.springframework.security.web.ObservationFilterChainDecorator.lambda$wrapSecured$0(ObservationFilterChainDecorator.java:82) ~[spring-security-web-6.5.3.jar:6.5.3]
	at org.springframework.security.web.ObservationFilterChainDecorator$VirtualFilterChain.doFilter(ObservationFilterChainDecorator.java:128) ~[spring-security-web-6.5.3.jar:6.5.3]
	at org.springframework.security.web.access.intercept.AuthorizationFilter.doFilter(AuthorizationFilter.java:101) ~[spring-security-web-6.5.3.jar:6.5.3]
	at org.springframework.security.web.ObservationFilterChainDecorator$ObservationFilter.wrapFilter(ObservationFilterChainDecorator.java:240) ~[spring-security-web-6.5.3.jar:6.5.3]
	at org.springframework.security.web.ObservationFilterChainDecorator$ObservationFilter.doFilter(ObservationFilterChainDecorator.java:227) ~[spring-security-web-6.5.3.jar:6.5.3]
	at org.springframework.security.web.ObservationFilterChainDecorator$VirtualFilterChain.doFilter(ObservationFilterChainDecorator.java:137) ~[spring-security-web-6.5.3.jar:6.5.3]
	at org.springframework.security.web.access.ExceptionTranslationFilter.doFilter(ExceptionTranslationFilter.java:125) ~[spring-security-web-6.5.3.jar:6.5.3]
	at org.springframework.security.web.access.ExceptionTranslationFilter.doFilter(ExceptionTranslationFilter.java:119) ~[spring-security-web-6.5.3.jar:6.5.3]
	at org.springframework.security.web.ObservationFilterChainDecorator$ObservationFilter.wrapFilter(ObservationFilterChainDecorator.java:240) ~[spring-security-web-6.5.3.jar:6.5.3]
	at org.springframework.security.web.ObservationFilterChainDecorator$ObservationFilter.doFilter(ObservationFilterChainDecorator.java:227) ~[spring-security-web-6.5.3.jar:6.5.3]
	at org.springframework.security.web.ObservationFilterChainDecorator$VirtualFilterChain.doFilter(ObservationFilterChainDecorator.java:137) ~[spring-security-web-6.5.3.jar:6.5.3]
	at org.springframework.security.web.session.SessionManagementFilter.doFilter(SessionManagementFilter.java:131) ~[spring-security-web-6.5.3.jar:6.5.3]
	at org.springframework.security.web.session.SessionManagementFilter.doFilter(SessionManagementFilter.java:85) ~[spring-security-web-6.5.3.jar:6.5.3]
	at org.springframework.security.web.ObservationFilterChainDecorator$ObservationFilter.wrapFilter(ObservationFilterChainDecorator.java:240) ~[spring-security-web-6.5.3.jar:6.5.3]
	at org.springframework.security.web.ObservationFilterChainDecorator$ObservationFilter.doFilter(ObservationFilterChainDecorator.java:227) ~[spring-security-web-6.5.3.jar:6.5.3]
	at org.springframework.security.web.ObservationFilterChainDecorator$VirtualFilterChain.doFilter(ObservationFilterChainDecorator.java:137) ~[spring-security-web-6.5.3.jar:6.5.3]
	at org.springframework.security.web.authentication.AnonymousAuthenticationFilter.doFilter(AnonymousAuthenticationFilter.java:100) ~[spring-security-web-6.5.3.jar:6.5.3]
	at org.springframework.security.web.ObservationFilterChainDecorator$ObservationFilter.wrapFilter(ObservationFilterChainDecorator.java:240) ~[spring-security-web-6.5.3.jar:6.5.3]
	at org.springframework.security.web.ObservationFilterChainDecorator$ObservationFilter.doFilter(ObservationFilterChainDecorator.java:227) ~[spring-security-web-6.5.3.jar:6.5.3]
	at org.springframework.security.web.ObservationFilterChainDecorator$VirtualFilterChain.doFilter(ObservationFilterChainDecorator.java:137) ~[spring-security-web-6.5.3.jar:6.5.3]
	at org.springframework.security.web.servletapi.SecurityContextHolderAwareRequestFilter.doFilter(SecurityContextHolderAwareRequestFilter.java:179) ~[spring-security-web-6.5.3.jar:6.5.3]
	at org.springframework.security.web.ObservationFilterChainDecorator$ObservationFilter.wrapFilter(ObservationFilterChainDecorator.java:240) ~[spring-security-web-6.5.3.jar:6.5.3]
	at org.springframework.security.web.ObservationFilterChainDecorator$ObservationFilter.doFilter(ObservationFilterChainDecorator.java:227) ~[spring-security-web-6.5.3.jar:6.5.3]
	at org.springframework.security.web.ObservationFilterChainDecorator$VirtualFilterChain.doFilter(ObservationFilterChainDecorator.java:137) ~[spring-security-web-6.5.3.jar:6.5.3]
	at org.springframework.security.web.savedrequest.RequestCacheAwareFilter.doFilter(RequestCacheAwareFilter.java:63) ~[spring-security-web-6.5.3.jar:6.5.3]
	at org.springframework.security.web.ObservationFilterChainDecorator$ObservationFilter.wrapFilter(ObservationFilterChainDecorator.java:240) ~[spring-security-web-6.5.3.jar:6.5.3]
	at org.springframework.security.web.ObservationFilterChainDecorator$ObservationFilter.doFilter(ObservationFilterChainDecorator.java:227) ~[spring-security-web-6.5.3.jar:6.5.3]
	at org.springframework.security.web.ObservationFilterChainDecorator$VirtualFilterChain.doFilter(ObservationFilterChainDecorator.java:137) ~[spring-security-web-6.5.3.jar:6.5.3]
	at org.springframework.web.filter.OncePerRequestFilter.doFilter(OncePerRequestFilter.java:101) ~[spring-web-6.2.10.jar:6.2.10]
	at org.springframework.security.web.ObservationFilterChainDecorator$ObservationFilter.wrapFilter(ObservationFilterChainDecorator.java:240) ~[spring-security-web-6.5.3.jar:6.5.3]
	at org.springframework.security.web.ObservationFilterChainDecorator$ObservationFilter.doFilter(ObservationFilterChainDecorator.java:227) ~[spring-security-web-6.5.3.jar:6.5.3]
	at org.springframework.security.web.ObservationFilterChainDecorator$VirtualFilterChain.doFilter(ObservationFilterChainDecorator.java:137) ~[spring-security-web-6.5.3.jar:6.5.3]
	at org.springframework.security.web.authentication.logout.LogoutFilter.doFilter(LogoutFilter.java:107) ~[spring-security-web-6.5.3.jar:6.5.3]
	at org.springframework.security.web.authentication.logout.LogoutFilter.doFilter(LogoutFilter.java:93) ~[spring-security-web-6.5.3.jar:6.5.3]
	at org.springframework.security.web.ObservationFilterChainDecorator$ObservationFilter.wrapFilter(ObservationFilterChainDecorator.java:240) ~[spring-security-web-6.5.3.jar:6.5.3]
	at org.springframework.security.web.ObservationFilterChainDecorator$ObservationFilter.doFilter(ObservationFilterChainDecorator.java:227) ~[spring-security-web-6.5.3.jar:6.5.3]
	at org.springframework.security.web.ObservationFilterChainDecorator$VirtualFilterChain.doFilter(ObservationFilterChainDecorator.java:137) ~[spring-security-web-6.5.3.jar:6.5.3]
	at org.springframework.web.filter.CorsFilter.doFilterInternal(CorsFilter.java:91) ~[spring-web-6.2.10.jar:6.2.10]
	at org.springframework.web.filter.OncePerRequestFilter.doFilter(OncePerRequestFilter.java:116) ~[spring-web-6.2.10.jar:6.2.10]
	at org.springframework.security.web.ObservationFilterChainDecorator$ObservationFilter.wrapFilter(ObservationFilterChainDecorator.java:240) ~[spring-security-web-6.5.3.jar:6.5.3]
	at org.springframework.security.web.ObservationFilterChainDecorator$ObservationFilter.doFilter(ObservationFilterChainDecorator.java:227) ~[spring-security-web-6.5.3.jar:6.5.3]
	at org.springframework.security.web.ObservationFilterChainDecorator$VirtualFilterChain.doFilter(ObservationFilterChainDecorator.java:137) ~[spring-security-web-6.5.3.jar:6.5.3]
	at org.springframework.security.web.header.HeaderWriterFilter.doHeadersAfter(HeaderWriterFilter.java:90) ~[spring-security-web-6.5.3.jar:6.5.3]
	at org.springframework.security.web.header.HeaderWriterFilter.doFilterInternal(HeaderWriterFilter.java:75) ~[spring-security-web-6.5.3.jar:6.5.3]
	at org.springframework.web.filter.OncePerRequestFilter.doFilter(OncePerRequestFilter.java:116) ~[spring-web-6.2.10.jar:6.2.10]
	at org.springframework.security.web.ObservationFilterChainDecorator$ObservationFilter.wrapFilter(ObservationFilterChainDecorator.java:240) ~[spring-security-web-6.5.3.jar:6.5.3]
	at org.springframework.security.web.ObservationFilterChainDecorator$ObservationFilter.doFilter(ObservationFilterChainDecorator.java:227) ~[spring-security-web-6.5.3.jar:6.5.3]
	at org.springframework.security.web.ObservationFilterChainDecorator$VirtualFilterChain.doFilter(ObservationFilterChainDecorator.java:137) ~[spring-security-web-6.5.3.jar:6.5.3]
	at org.springframework.security.web.context.SecurityContextHolderFilter.doFilter(SecurityContextHolderFilter.java:82) ~[spring-security-web-6.5.3.jar:6.5.3]
	at org.springframework.security.web.context.SecurityContextHolderFilter.doFilter(SecurityContextHolderFilter.java:69) ~[spring-security-web-6.5.3.jar:6.5.3]
	at org.springframework.security.web.ObservationFilterChainDecorator$ObservationFilter.wrapFilter(ObservationFilterChainDecorator.java:240) ~[spring-security-web-6.5.3.jar:6.5.3]
	at org.springframework.security.web.ObservationFilterChainDecorator$ObservationFilter.doFilter(ObservationFilterChainDecorator.java:227) ~[spring-security-web-6.5.3.jar:6.5.3]
	at org.springframework.security.web.ObservationFilterChainDecorator$VirtualFilterChain.doFilter(ObservationFilterChainDecorator.java:137) ~[spring-security-web-6.5.3.jar:6.5.3]
	at org.springframework.security.web.context.request.async.WebAsyncManagerIntegrationFilter.doFilterInternal(WebAsyncManagerIntegrationFilter.java:62) ~[spring-security-web-6.5.3.jar:6.5.3]
	at org.springframework.web.filter.OncePerRequestFilter.doFilter(OncePerRequestFilter.java:116) ~[spring-web-6.2.10.jar:6.2.10]
	at org.springframework.security.web.ObservationFilterChainDecorator$ObservationFilter.wrapFilter(ObservationFilterChainDecorator.java:240) ~[spring-security-web-6.5.3.jar:6.5.3]
	at org.springframework.security.web.ObservationFilterChainDecorator$ObservationFilter.doFilter(ObservationFilterChainDecorator.java:227) ~[spring-security-web-6.5.3.jar:6.5.3]
	at org.springframework.security.web.ObservationFilterChainDecorator$VirtualFilterChain.doFilter(ObservationFilterChainDecorator.java:137) ~[spring-security-web-6.5.3.jar:6.5.3]
	at org.springframework.security.web.session.DisableEncodeUrlFilter.doFilterInternal(DisableEncodeUrlFilter.java:42) ~[spring-security-web-6.5.3.jar:6.5.3]
	at org.springframework.web.filter.OncePerRequestFilter.doFilter(OncePerRequestFilter.java:116) ~[spring-web-6.2.10.jar:6.2.10]
	at org.springframework.security.web.ObservationFilterChainDecorator$ObservationFilter.wrapFilter(ObservationFilterChainDecorator.java:240) ~[spring-security-web-6.5.3.jar:6.5.3]
	at org.springframework.security.web.ObservationFilterChainDecorator$AroundFilterObservation$SimpleAroundFilterObservation.lambda$wrap$0(ObservationFilterChainDecorator.java:323) ~[spring-security-web-6.5.3.jar:6.5.3]
	at org.springframework.security.web.ObservationFilterChainDecorator$ObservationFilter.doFilter(ObservationFilterChainDecorator.java:224) ~[spring-security-web-6.5.3.jar:6.5.3]
	at org.springframework.security.web.ObservationFilterChainDecorator$VirtualFilterChain.doFilter(ObservationFilterChainDecorator.java:137) ~[spring-security-web-6.5.3.jar:6.5.3]
	at org.springframework.security.web.FilterChainProxy.doFilterInternal(FilterChainProxy.java:233) ~[spring-security-web-6.5.3.jar:6.5.3]
	at org.springframework.security.web.FilterChainProxy.doFilter(FilterChainProxy.java:191) ~[spring-security-web-6.5.3.jar:6.5.3]
	at org.springframework.web.filter.CompositeFilter$VirtualFilterChain.doFilter(CompositeFilter.java:113) ~[spring-web-6.2.10.jar:6.2.10]
	at org.springframework.web.filter.ServletRequestPathFilter.doFilter(ServletRequestPathFilter.java:52) ~[spring-web-6.2.10.jar:6.2.10]
	at org.springframework.web.filter.CompositeFilter$VirtualFilterChain.doFilter(CompositeFilter.java:113) ~[spring-web-6.2.10.jar:6.2.10]
	at org.springframework.web.filter.CompositeFilter.doFilter(CompositeFilter.java:74) ~[spring-web-6.2.10.jar:6.2.10]
	at org.springframework.security.config.annotation.web.configuration.WebSecurityConfiguration$CompositeFilterChainProxy.doFilter(WebSecurityConfiguration.java:319) ~[spring-security-config-6.5.3.jar:6.5.3]
	at org.springframework.web.filter.CompositeFilter$VirtualFilterChain.doFilter(CompositeFilter.java:113) ~[spring-web-6.2.10.jar:6.2.10]
	at org.springframework.web.servlet.handler.HandlerMappingIntrospector.lambda$createCacheFilter$4(HandlerMappingIntrospector.java:267) ~[spring-webmvc-6.2.10.jar:6.2.10]
	at org.springframework.web.filter.CompositeFilter$VirtualFilterChain.doFilter(CompositeFilter.java:113) ~[spring-web-6.2.10.jar:6.2.10]
	at org.springframework.web.filter.CompositeFilter.doFilter(CompositeFilter.java:74) ~[spring-web-6.2.10.jar:6.2.10]
	at org.springframework.security.config.annotation.web.configuration.WebMvcSecurityConfiguration$CompositeFilterChainProxy.doFilter(WebMvcSecurityConfiguration.java:240) ~[spring-security-config-6.5.3.jar:6.5.3]
	at org.springframework.web.filter.DelegatingFilterProxy.invokeDelegate(DelegatingFilterProxy.java:362) ~[spring-web-6.2.10.jar:6.2.10]
	at org.springframework.web.filter.DelegatingFilterProxy.doFilter(DelegatingFilterProxy.java:278) ~[spring-web-6.2.10.jar:6.2.10]
	at org.apache.catalina.core.ApplicationFilterChain.internalDoFilter(ApplicationFilterChain.java:164) ~[tomcat-embed-core-10.1.44.jar:10.1.44]
	at org.apache.catalina.core.ApplicationFilterChain.doFilter(ApplicationFilterChain.java:140) ~[tomcat-embed-core-10.1.44.jar:10.1.44]
	at org.springframework.web.filter.RequestContextFilter.doFilterInternal(RequestContextFilter.java:100) ~[spring-web-6.2.10.jar:6.2.10]
	at org.springframework.web.filter.OncePerRequestFilter.doFilter(OncePerRequestFilter.java:116) ~[spring-web-6.2.10.jar:6.2.10]
	at org.apache.catalina.core.ApplicationFilterChain.internalDoFilter(ApplicationFilterChain.java:164) ~[tomcat-embed-core-10.1.44.jar:10.1.44]
	at org.apache.catalina.core.ApplicationFilterChain.doFilter(ApplicationFilterChain.java:140) ~[tomcat-embed-core-10.1.44.jar:10.1.44]
	at org.springframework.web.filter.FormContentFilter.doFilterInternal(FormContentFilter.java:93) ~[spring-web-6.2.10.jar:6.2.10]
	at org.springframework.web.filter.OncePerRequestFilter.doFilter(OncePerRequestFilter.java:116) ~[spring-web-6.2.10.jar:6.2.10]
	at org.apache.catalina.core.ApplicationFilterChain.internalDoFilter(ApplicationFilterChain.java:164) ~[tomcat-embed-core-10.1.44.jar:10.1.44]
	at org.apache.catalina.core.ApplicationFilterChain.doFilter(ApplicationFilterChain.java:140) ~[tomcat-embed-core-10.1.44.jar:10.1.44]
	at org.springframework.web.filter.ServerHttpObservationFilter.doFilterInternal(ServerHttpObservationFilter.java:110) ~[spring-web-6.2.10.jar:6.2.10]
	at org.springframework.web.filter.OncePerRequestFilter.doFilter(OncePerRequestFilter.java:116) ~[spring-web-6.2.10.jar:6.2.10]
	at org.apache.catalina.core.ApplicationFilterChain.internalDoFilter(ApplicationFilterChain.java:164) ~[tomcat-embed-core-10.1.44.jar:10.1.44]
	at org.apache.catalina.core.ApplicationFilterChain.doFilter(ApplicationFilterChain.java:140) ~[tomcat-embed-core-10.1.44.jar:10.1.44]
	at org.springframework.web.filter.CharacterEncodingFilter.doFilterInternal(CharacterEncodingFilter.java:201) ~[spring-web-6.2.10.jar:6.2.10]
	at org.springframework.web.filter.OncePerRequestFilter.doFilter(OncePerRequestFilter.java:116) ~[spring-web-6.2.10.jar:6.2.10]
	at org.apache.catalina.core.ApplicationFilterChain.internalDoFilter(ApplicationFilterChain.java:164) ~[tomcat-embed-core-10.1.44.jar:10.1.44]
	at org.apache.catalina.core.ApplicationFilterChain.doFilter(ApplicationFilterChain.java:140) ~[tomcat-embed-core-10.1.44.jar:10.1.44]
	at org.springframework.web.filter.OncePerRequestFilter.doFilter(OncePerRequestFilter.java:101) ~[spring-web-6.2.10.jar:6.2.10]
	at org.apache.catalina.core.ApplicationFilterChain.internalDoFilter(ApplicationFilterChain.java:164) ~[tomcat-embed-core-10.1.44.jar:10.1.44]
	at org.apache.catalina.core.ApplicationFilterChain.doFilter(ApplicationFilterChain.java:140) ~[tomcat-embed-core-10.1.44.jar:10.1.44]
	at org.apache.catalina.core.StandardWrapperValve.invoke(StandardWrapperValve.java:167) ~[tomcat-embed-core-10.1.44.jar:10.1.44]
	at org.apache.catalina.core.StandardContextValve.invoke(StandardContextValve.java:90) ~[tomcat-embed-core-10.1.44.jar:10.1.44]
	at org.apache.catalina.authenticator.AuthenticatorBase.invoke(AuthenticatorBase.java:483) ~[tomcat-embed-core-10.1.44.jar:10.1.44]
	at org.apache.catalina.core.StandardHostValve.invoke(StandardHostValve.java:116) ~[tomcat-embed-core-10.1.44.jar:10.1.44]
	at org.apache.catalina.valves.ErrorReportValve.invoke(ErrorReportValve.java:93) ~[tomcat-embed-core-10.1.44.jar:10.1.44]
	at org.apache.catalina.core.StandardEngineValve.invoke(StandardEngineValve.java:74) ~[tomcat-embed-core-10.1.44.jar:10.1.44]
	at org.apache.catalina.connector.CoyoteAdapter.service(CoyoteAdapter.java:344) ~[tomcat-embed-core-10.1.44.jar:10.1.44]
	at org.apache.coyote.http11.Http11Processor.service(Http11Processor.java:398) ~[tomcat-embed-core-10.1.44.jar:10.1.44]
	at org.apache.coyote.AbstractProcessorLight.process(AbstractProcessorLight.java:63) ~[tomcat-embed-core-10.1.44.jar:10.1.44]
	at org.apache.coyote.AbstractProtocol$ConnectionHandler.process(AbstractProtocol.java:903) ~[tomcat-embed-core-10.1.44.jar:10.1.44]
	at org.apache.tomcat.util.net.NioEndpoint$SocketProcessor.doRun(NioEndpoint.java:1769) ~[tomcat-embed-core-10.1.44.jar:10.1.44]
	at org.apache.tomcat.util.net.SocketProcessorBase.run(SocketProcessorBase.java:52) ~[tomcat-embed-core-10.1.44.jar:10.1.44]
	at org.apache.tomcat.util.threads.ThreadPoolExecutor.runWorker(ThreadPoolExecutor.java:1189) ~[tomcat-embed-core-10.1.44.jar:10.1.44]
	at org.apache.tomcat.util.threads.ThreadPoolExecutor$Worker.run(ThreadPoolExecutor.java:658) ~[tomcat-embed-core-10.1.44.jar:10.1.44]
	at org.apache.tomcat.util.threads.TaskThread$WrappingRunnable.run(TaskThread.java:63) ~[tomcat-embed-core-10.1.44.jar:10.1.44]
	at java.base/java.lang.Thread.run(Thread.java:1583) ~[na:na]

2025-11-18T19:24:10.769-03:00  INFO 34224 --- [tasklist] [SpringApplicationShutdownHook] o.s.b.w.e.tomcat.GracefulShutdown        : Commencing graceful shutdown. Waiting for active requests to complete
2025-11-18T19:24:10.774-03:00  INFO 34224 --- [tasklist] [tomcat-shutdown] o.s.b.w.e.tomcat.GracefulShutdown        : Graceful shutdown complete
2025-11-18T19:24:10.782-03:00  INFO 34224 --- [tasklist] [SpringApplicationShutdownHook] j.LocalContainerEntityManagerFactoryBean : Closing JPA EntityManagerFactory for persistence unit 'default'
2025-11-18T19:24:10.784-03:00  INFO 34224 --- [tasklist] [SpringApplicationShutdownHook] com.zaxxer.hikari.HikariDataSource       : HikariPool-1 - Shutdown initiated...
2025-11-18T19:24:10.787-03:00  INFO 34224 --- [tasklist] [SpringApplicationShutdownHook] com.zaxxer.hikari.HikariDataSource       : HikariPool-1 - Shutdown completed.
